20:41:57,114  INFO NumberPartitionDynamicProgrammingApproach:22 - Finished sorting elements
20:41:57,122  INFO NumberPartitionDynamicProgrammingApproach:24 - Finish populating the tableu
20:41:57,124  INFO NumberPartitionDynamicProgrammingApproach:22 - Finished sorting elements
20:41:57,124  INFO NumberPartitionDynamicProgrammingApproach:24 - Finish populating the tableu
20:41:57,154  INFO NumberPartitionDynamicProgrammingApproach:22 - Finished sorting elements
20:41:57,155  INFO NumberPartitionDynamicProgrammingApproach:24 - Finish populating the tableu
20:41:57,155  INFO NumberPartitionDynamicProgrammingApproach:22 - Finished sorting elements
20:41:57,156  INFO NumberPartitionDynamicProgrammingApproach:24 - Finish populating the tableu
20:41:57,157  INFO NumberPartitionDynamicProgrammingApproach:22 - Finished sorting elements
20:41:57,158  INFO NumberPartitionDynamicProgrammingApproach:24 - Finish populating the tableu
20:41:57,159  INFO NumberPartitionDynamicProgrammingApproach:22 - Finished sorting elements
20:41:57,189  INFO NumberPartitionDynamicProgrammingApproach:24 - Finish populating the tableu
20:41:57,191  INFO NumberPartitionDynamicProgrammingApproach:22 - Finished sorting elements
20:41:57,191  INFO NumberPartitionDynamicProgrammingApproach:24 - Finish populating the tableu
20:41:58,370  INFO AbstractTestCases:17 - The method KK took 81 milliseconds for file src/test/resources/RandomInstance-01.txt and computed the residue 114182
20:41:58,372  INFO AbstractTestCases:17 - The method KK took 33 milliseconds for file src/test/resources/RandomInstance-02.txt and computed the residue 142542
20:41:58,375  INFO AbstractTestCases:17 - The method KK took 112 milliseconds for file src/test/resources/RandomInstance-03.txt and computed the residue 218382
20:41:58,376  INFO AbstractTestCases:17 - The method KK took 40 milliseconds for file src/test/resources/RandomInstance-04.txt and computed the residue 172671
20:41:58,376  INFO AbstractTestCases:17 - The method KK took 46 milliseconds for file src/test/resources/RandomInstance-05.txt and computed the residue 18946
20:41:58,376  INFO AbstractTestCases:17 - The method KK took 41 milliseconds for file src/test/resources/RandomInstance-06.txt and computed the residue 77096
20:41:58,376  INFO AbstractTestCases:17 - The method KK took 24 milliseconds for file src/test/resources/RandomInstance-07.txt and computed the residue 141706
20:41:58,377  INFO AbstractTestCases:17 - The method KK took 7 milliseconds for file src/test/resources/RandomInstance-08.txt and computed the residue 59282
20:41:58,411  INFO AbstractTestCases:17 - The method KK took 59 milliseconds for file src/test/resources/RandomInstance-09.txt and computed the residue 165544
20:41:58,411  INFO AbstractTestCases:17 - The method KK took 7 milliseconds for file src/test/resources/RandomInstance-10.txt and computed the residue 1094350
20:41:58,411  INFO AbstractTestCases:17 - The method KK took 25 milliseconds for file src/test/resources/RandomInstance-11.txt and computed the residue 157322
20:41:58,412  INFO AbstractTestCases:17 - The method KK took 5 milliseconds for file src/test/resources/RandomInstance-12.txt and computed the residue 17389
20:41:58,412  INFO AbstractTestCases:17 - The method KK took 18 milliseconds for file src/test/resources/RandomInstance-13.txt and computed the residue 133522
20:41:58,413  INFO AbstractTestCases:17 - The method KK took 31 milliseconds for file src/test/resources/RandomInstance-14.txt and computed the residue 426552
20:41:58,413  INFO AbstractTestCases:17 - The method KK took 29 milliseconds for file src/test/resources/RandomInstance-15.txt and computed the residue 121555
20:41:58,413  INFO AbstractTestCases:17 - The method KK took 36 milliseconds for file src/test/resources/RandomInstance-16.txt and computed the residue 359984
20:41:58,414  INFO AbstractTestCases:17 - The method KK took 4 milliseconds for file src/test/resources/RandomInstance-17.txt and computed the residue 92510
20:41:58,414  INFO AbstractTestCases:17 - The method KK took 8 milliseconds for file src/test/resources/RandomInstance-18.txt and computed the residue 174338
20:41:58,414  INFO AbstractTestCases:17 - The method KK took 32 milliseconds for file src/test/resources/RandomInstance-19.txt and computed the residue 482968
20:41:58,415  INFO AbstractTestCases:17 - The method KK took 5 milliseconds for file src/test/resources/RandomInstance-20.txt and computed the residue 113902
20:41:58,415  INFO AbstractTestCases:17 - The method KK took 27 milliseconds for file src/test/resources/RandomInstance-21.txt and computed the residue 191888
20:41:58,415  INFO AbstractTestCases:17 - The method KK took 4 milliseconds for file src/test/resources/RandomInstance-22.txt and computed the residue 149623
20:41:58,415  INFO AbstractTestCases:17 - The method KK took 25 milliseconds for file src/test/resources/RandomInstance-23.txt and computed the residue 1174258
20:41:58,416  INFO AbstractTestCases:17 - The method KK took 4 milliseconds for file src/test/resources/RandomInstance-24.txt and computed the residue 39179
20:41:58,421  INFO AbstractTestCases:17 - The method KK took 13 milliseconds for file src/test/resources/RandomInstance-25.txt and computed the residue 70712
20:41:58,422  INFO AbstractTestCases:17 - The method KK took 4 milliseconds for file src/test/resources/RandomInstance-26.txt and computed the residue 161571
20:41:58,422  INFO AbstractTestCases:17 - The method KK took 3 milliseconds for file src/test/resources/RandomInstance-27.txt and computed the residue 56562
20:41:58,422  INFO AbstractTestCases:17 - The method KK took 18 milliseconds for file src/test/resources/RandomInstance-28.txt and computed the residue 2760
20:41:58,422  INFO AbstractTestCases:17 - The method KK took 4 milliseconds for file src/test/resources/RandomInstance-29.txt and computed the residue 114192
20:41:58,423  INFO AbstractTestCases:17 - The method KK took 43 milliseconds for file src/test/resources/RandomInstance-30.txt and computed the residue 41626
20:41:58,423  INFO AbstractTestCases:17 - The method KK took 6 milliseconds for file src/test/resources/RandomInstance-31.txt and computed the residue 52594
20:41:58,423  INFO AbstractTestCases:17 - The method KK took 3 milliseconds for file src/test/resources/RandomInstance-32.txt and computed the residue 397885
20:41:58,424  INFO AbstractTestCases:17 - The method KK took 9 milliseconds for file src/test/resources/RandomInstance-33.txt and computed the residue 451550
20:41:58,424  INFO AbstractTestCases:17 - The method KK took 4 milliseconds for file src/test/resources/RandomInstance-34.txt and computed the residue 1073370
20:41:58,424  INFO AbstractTestCases:17 - The method KK took 3 milliseconds for file src/test/resources/RandomInstance-35.txt and computed the residue 209575
20:41:58,425  INFO AbstractTestCases:17 - The method KK took 22 milliseconds for file src/test/resources/RandomInstance-36.txt and computed the residue 182143
20:41:58,425  INFO AbstractTestCases:17 - The method KK took 5 milliseconds for file src/test/resources/RandomInstance-37.txt and computed the residue 41566
20:41:58,425  INFO AbstractTestCases:17 - The method KK took 21 milliseconds for file src/test/resources/RandomInstance-38.txt and computed the residue 109685
20:41:58,426  INFO AbstractTestCases:17 - The method KK took 5 milliseconds for file src/test/resources/RandomInstance-39.txt and computed the residue 34183
20:41:58,426  INFO AbstractTestCases:17 - The method KK took 3 milliseconds for file src/test/resources/RandomInstance-40.txt and computed the residue 419170
20:41:58,426  INFO AbstractTestCases:17 - The method KK took 29 milliseconds for file src/test/resources/RandomInstance-41.txt and computed the residue 59050
20:41:58,427  INFO AbstractTestCases:17 - The method KK took 5 milliseconds for file src/test/resources/RandomInstance-42.txt and computed the residue 115695
20:41:58,427  INFO AbstractTestCases:17 - The method KK took 8 milliseconds for file src/test/resources/RandomInstance-43.txt and computed the residue 23795
20:41:58,427  INFO AbstractTestCases:17 - The method KK took 26 milliseconds for file src/test/resources/RandomInstance-44.txt and computed the residue 532410
20:41:58,428  INFO AbstractTestCases:17 - The method KK took 3 milliseconds for file src/test/resources/RandomInstance-45.txt and computed the residue 82125
20:41:58,428  INFO AbstractTestCases:17 - The method KK took 3 milliseconds for file src/test/resources/RandomInstance-46.txt and computed the residue 758
20:41:58,428  INFO AbstractTestCases:17 - The method KK took 61 milliseconds for file src/test/resources/RandomInstance-47.txt and computed the residue 314069
20:41:58,429  INFO AbstractTestCases:17 - The method KK took 3 milliseconds for file src/test/resources/RandomInstance-48.txt and computed the residue 3541
20:41:58,429  INFO AbstractTestCases:17 - The method KK took 93 milliseconds for file src/test/resources/RandomInstance-49.txt and computed the residue 222488
20:41:58,429  INFO AbstractTestCases:17 - The method KK took 3 milliseconds for file src/test/resources/RandomInstance-50.txt and computed the residue 70647
20:42:16,143  INFO AbstractTestCases:17 - The method RandomRepeated took 677 milliseconds for file src/test/resources/RandomInstance-01.txt and computed the residue 62235340
20:42:16,147  INFO AbstractTestCases:17 - The method RandomRepeated took 512 milliseconds for file src/test/resources/RandomInstance-02.txt and computed the residue 707220646
20:42:16,147  INFO AbstractTestCases:17 - The method RandomRepeated took 504 milliseconds for file src/test/resources/RandomInstance-03.txt and computed the residue 213238586
20:42:16,147  INFO AbstractTestCases:17 - The method RandomRepeated took 522 milliseconds for file src/test/resources/RandomInstance-04.txt and computed the residue 5620569
20:42:16,149  INFO AbstractTestCases:17 - The method RandomRepeated took 460 milliseconds for file src/test/resources/RandomInstance-05.txt and computed the residue 810668980
20:42:16,149  INFO AbstractTestCases:17 - The method RandomRepeated took 314 milliseconds for file src/test/resources/RandomInstance-06.txt and computed the residue 38406970
20:42:16,149  INFO AbstractTestCases:17 - The method RandomRepeated took 311 milliseconds for file src/test/resources/RandomInstance-07.txt and computed the residue 402598862
20:42:16,150  INFO AbstractTestCases:17 - The method RandomRepeated took 303 milliseconds for file src/test/resources/RandomInstance-08.txt and computed the residue 262638390
20:42:16,150  INFO AbstractTestCases:17 - The method RandomRepeated took 475 milliseconds for file src/test/resources/RandomInstance-09.txt and computed the residue 37944900
20:42:16,150  INFO AbstractTestCases:17 - The method RandomRepeated took 371 milliseconds for file src/test/resources/RandomInstance-10.txt and computed the residue 321017440
20:42:16,151  INFO AbstractTestCases:17 - The method RandomRepeated took 298 milliseconds for file src/test/resources/RandomInstance-11.txt and computed the residue 6616986
20:42:16,151  INFO AbstractTestCases:17 - The method RandomRepeated took 324 milliseconds for file src/test/resources/RandomInstance-12.txt and computed the residue 60540309
20:42:16,151  INFO AbstractTestCases:17 - The method RandomRepeated took 289 milliseconds for file src/test/resources/RandomInstance-13.txt and computed the residue 519126904
20:42:16,152  INFO AbstractTestCases:17 - The method RandomRepeated took 313 milliseconds for file src/test/resources/RandomInstance-14.txt and computed the residue 366795404
20:42:16,152  INFO AbstractTestCases:17 - The method RandomRepeated took 309 milliseconds for file src/test/resources/RandomInstance-15.txt and computed the residue 564336723
20:42:16,152  INFO AbstractTestCases:17 - The method RandomRepeated took 477 milliseconds for file src/test/resources/RandomInstance-16.txt and computed the residue 1502793700
20:42:16,152  INFO AbstractTestCases:17 - The method RandomRepeated took 294 milliseconds for file src/test/resources/RandomInstance-17.txt and computed the residue 679886530
20:42:16,152  INFO AbstractTestCases:17 - The method RandomRepeated took 313 milliseconds for file src/test/resources/RandomInstance-18.txt and computed the residue 266208546
20:42:16,153  INFO AbstractTestCases:17 - The method RandomRepeated took 319 milliseconds for file src/test/resources/RandomInstance-19.txt and computed the residue 35814624
20:42:16,153  INFO AbstractTestCases:17 - The method RandomRepeated took 303 milliseconds for file src/test/resources/RandomInstance-20.txt and computed the residue 179062998
20:42:16,153  INFO AbstractTestCases:17 - The method RandomRepeated took 285 milliseconds for file src/test/resources/RandomInstance-21.txt and computed the residue 295585742
20:42:16,154  INFO AbstractTestCases:17 - The method RandomRepeated took 314 milliseconds for file src/test/resources/RandomInstance-22.txt and computed the residue 143483795
20:42:16,154  INFO AbstractTestCases:17 - The method RandomRepeated took 367 milliseconds for file src/test/resources/RandomInstance-23.txt and computed the residue 862114418
20:42:16,154  INFO AbstractTestCases:17 - The method RandomRepeated took 347 milliseconds for file src/test/resources/RandomInstance-24.txt and computed the residue 309897273
20:42:16,155  INFO AbstractTestCases:17 - The method RandomRepeated took 364 milliseconds for file src/test/resources/RandomInstance-25.txt and computed the residue 135940712
20:42:16,155  INFO AbstractTestCases:17 - The method RandomRepeated took 354 milliseconds for file src/test/resources/RandomInstance-26.txt and computed the residue 211527321
20:42:16,155  INFO AbstractTestCases:17 - The method RandomRepeated took 330 milliseconds for file src/test/resources/RandomInstance-27.txt and computed the residue 49583152
20:42:16,156  INFO AbstractTestCases:17 - The method RandomRepeated took 343 milliseconds for file src/test/resources/RandomInstance-28.txt and computed the residue 364551388
20:42:16,156  INFO AbstractTestCases:17 - The method RandomRepeated took 378 milliseconds for file src/test/resources/RandomInstance-29.txt and computed the residue 12554400
20:42:16,156  INFO AbstractTestCases:17 - The method RandomRepeated took 342 milliseconds for file src/test/resources/RandomInstance-30.txt and computed the residue 107689226
20:42:16,156  INFO AbstractTestCases:17 - The method RandomRepeated took 389 milliseconds for file src/test/resources/RandomInstance-31.txt and computed the residue 25830792
20:42:16,157  INFO AbstractTestCases:17 - The method RandomRepeated took 319 milliseconds for file src/test/resources/RandomInstance-32.txt and computed the residue 336254767
20:42:16,157  INFO AbstractTestCases:17 - The method RandomRepeated took 329 milliseconds for file src/test/resources/RandomInstance-33.txt and computed the residue 158599484
20:42:16,157  INFO AbstractTestCases:17 - The method RandomRepeated took 334 milliseconds for file src/test/resources/RandomInstance-34.txt and computed the residue 138674522
20:42:16,158  INFO AbstractTestCases:17 - The method RandomRepeated took 294 milliseconds for file src/test/resources/RandomInstance-35.txt and computed the residue 920425299
20:42:16,168  INFO AbstractTestCases:17 - The method RandomRepeated took 306 milliseconds for file src/test/resources/RandomInstance-36.txt and computed the residue 339691993
20:42:16,168  INFO AbstractTestCases:17 - The method RandomRepeated took 345 milliseconds for file src/test/resources/RandomInstance-37.txt and computed the residue 2102222
20:42:16,168  INFO AbstractTestCases:17 - The method RandomRepeated took 315 milliseconds for file src/test/resources/RandomInstance-38.txt and computed the residue 56956039
20:42:16,169  INFO AbstractTestCases:17 - The method RandomRepeated took 326 milliseconds for file src/test/resources/RandomInstance-39.txt and computed the residue 454638743
20:42:16,169  INFO AbstractTestCases:17 - The method RandomRepeated took 283 milliseconds for file src/test/resources/RandomInstance-40.txt and computed the residue 124418192
20:42:16,169  INFO AbstractTestCases:17 - The method RandomRepeated took 325 milliseconds for file src/test/resources/RandomInstance-41.txt and computed the residue 48178926
20:42:16,170  INFO AbstractTestCases:17 - The method RandomRepeated took 320 milliseconds for file src/test/resources/RandomInstance-42.txt and computed the residue 64930607
20:42:16,170  INFO AbstractTestCases:17 - The method RandomRepeated took 316 milliseconds for file src/test/resources/RandomInstance-43.txt and computed the residue 240175313
20:42:16,170  INFO AbstractTestCases:17 - The method RandomRepeated took 329 milliseconds for file src/test/resources/RandomInstance-44.txt and computed the residue 459068960
20:42:16,170  INFO AbstractTestCases:17 - The method RandomRepeated took 307 milliseconds for file src/test/resources/RandomInstance-45.txt and computed the residue 255291603
20:42:16,171  INFO AbstractTestCases:17 - The method RandomRepeated took 327 milliseconds for file src/test/resources/RandomInstance-46.txt and computed the residue 135834330
20:42:16,171  INFO AbstractTestCases:17 - The method RandomRepeated took 427 milliseconds for file src/test/resources/RandomInstance-47.txt and computed the residue 672409927
20:42:16,172  INFO AbstractTestCases:17 - The method RandomRepeated took 316 milliseconds for file src/test/resources/RandomInstance-48.txt and computed the residue 184470245
20:42:16,172  INFO AbstractTestCases:17 - The method RandomRepeated took 337 milliseconds for file src/test/resources/RandomInstance-49.txt and computed the residue 126563452
20:42:16,172  INFO AbstractTestCases:17 - The method RandomRepeated took 351 milliseconds for file src/test/resources/RandomInstance-50.txt and computed the residue 17958689
20:42:31,602  INFO AbstractTestCases:17 - The method HillClimbing took 624 milliseconds for file src/test/resources/RandomInstance-01.txt and computed the residue 105658782
20:42:31,605  INFO AbstractTestCases:17 - The method HillClimbing took 340 milliseconds for file src/test/resources/RandomInstance-02.txt and computed the residue 57635140
20:42:31,605  INFO AbstractTestCases:17 - The method HillClimbing took 329 milliseconds for file src/test/resources/RandomInstance-03.txt and computed the residue 233662680
20:42:31,606  INFO AbstractTestCases:17 - The method HillClimbing took 290 milliseconds for file src/test/resources/RandomInstance-04.txt and computed the residue 115796315
20:42:31,606  INFO AbstractTestCases:17 - The method HillClimbing took 328 milliseconds for file src/test/resources/RandomInstance-05.txt and computed the residue 262771532
20:42:31,606  INFO AbstractTestCases:17 - The method HillClimbing took 272 milliseconds for file src/test/resources/RandomInstance-06.txt and computed the residue 139974486
20:42:31,608  INFO AbstractTestCases:17 - The method HillClimbing took 337 milliseconds for file src/test/resources/RandomInstance-07.txt and computed the residue 103741964
20:42:31,609  INFO AbstractTestCases:17 - The method HillClimbing took 342 milliseconds for file src/test/resources/RandomInstance-08.txt and computed the residue 208121578
20:42:31,610  INFO AbstractTestCases:17 - The method HillClimbing took 320 milliseconds for file src/test/resources/RandomInstance-09.txt and computed the residue 44341756
20:42:31,610  INFO AbstractTestCases:17 - The method HillClimbing took 335 milliseconds for file src/test/resources/RandomInstance-10.txt and computed the residue 106200282
20:42:31,610  INFO AbstractTestCases:17 - The method HillClimbing took 330 milliseconds for file src/test/resources/RandomInstance-11.txt and computed the residue 114489006
20:42:31,610  INFO AbstractTestCases:17 - The method HillClimbing took 299 milliseconds for file src/test/resources/RandomInstance-12.txt and computed the residue 263747139
20:42:31,611  INFO AbstractTestCases:17 - The method HillClimbing took 270 milliseconds for file src/test/resources/RandomInstance-13.txt and computed the residue 3073260
20:42:31,611  INFO AbstractTestCases:17 - The method HillClimbing took 314 milliseconds for file src/test/resources/RandomInstance-14.txt and computed the residue 467900840
20:42:31,611  INFO AbstractTestCases:17 - The method HillClimbing took 278 milliseconds for file src/test/resources/RandomInstance-15.txt and computed the residue 157177333
20:42:31,612  INFO AbstractTestCases:17 - The method HillClimbing took 281 milliseconds for file src/test/resources/RandomInstance-16.txt and computed the residue 67002602
20:42:31,612  INFO AbstractTestCases:17 - The method HillClimbing took 275 milliseconds for file src/test/resources/RandomInstance-17.txt and computed the residue 178999536
20:42:31,612  INFO AbstractTestCases:17 - The method HillClimbing took 336 milliseconds for file src/test/resources/RandomInstance-18.txt and computed the residue 348734662
20:42:31,613  INFO AbstractTestCases:17 - The method HillClimbing took 277 milliseconds for file src/test/resources/RandomInstance-19.txt and computed the residue 1578558
20:42:31,613  INFO AbstractTestCases:17 - The method HillClimbing took 305 milliseconds for file src/test/resources/RandomInstance-20.txt and computed the residue 413969724
20:42:31,613  INFO AbstractTestCases:17 - The method HillClimbing took 311 milliseconds for file src/test/resources/RandomInstance-21.txt and computed the residue 84729496
20:42:31,614  INFO AbstractTestCases:17 - The method HillClimbing took 270 milliseconds for file src/test/resources/RandomInstance-22.txt and computed the residue 417158867
20:42:31,614  INFO AbstractTestCases:17 - The method HillClimbing took 285 milliseconds for file src/test/resources/RandomInstance-23.txt and computed the residue 65825058
20:42:31,615  INFO AbstractTestCases:17 - The method HillClimbing took 269 milliseconds for file src/test/resources/RandomInstance-24.txt and computed the residue 56652831
20:42:31,615  INFO AbstractTestCases:17 - The method HillClimbing took 284 milliseconds for file src/test/resources/RandomInstance-25.txt and computed the residue 10022758
20:42:31,615  INFO AbstractTestCases:17 - The method HillClimbing took 297 milliseconds for file src/test/resources/RandomInstance-26.txt and computed the residue 167037239
20:42:31,615  INFO AbstractTestCases:17 - The method HillClimbing took 281 milliseconds for file src/test/resources/RandomInstance-27.txt and computed the residue 5428316
20:42:31,616  INFO AbstractTestCases:17 - The method HillClimbing took 369 milliseconds for file src/test/resources/RandomInstance-28.txt and computed the residue 1207691232
20:42:31,616  INFO AbstractTestCases:17 - The method HillClimbing took 264 milliseconds for file src/test/resources/RandomInstance-29.txt and computed the residue 722238596
20:42:31,616  INFO AbstractTestCases:17 - The method HillClimbing took 284 milliseconds for file src/test/resources/RandomInstance-30.txt and computed the residue 490456192
20:42:31,617  INFO AbstractTestCases:17 - The method HillClimbing took 264 milliseconds for file src/test/resources/RandomInstance-31.txt and computed the residue 197184076
20:42:31,617  INFO AbstractTestCases:17 - The method HillClimbing took 337 milliseconds for file src/test/resources/RandomInstance-32.txt and computed the residue 80842275
20:42:31,617  INFO AbstractTestCases:17 - The method HillClimbing took 320 milliseconds for file src/test/resources/RandomInstance-33.txt and computed the residue 1497972456
20:42:31,618  INFO AbstractTestCases:17 - The method HillClimbing took 295 milliseconds for file src/test/resources/RandomInstance-34.txt and computed the residue 148078546
20:42:31,618  INFO AbstractTestCases:17 - The method HillClimbing took 294 milliseconds for file src/test/resources/RandomInstance-35.txt and computed the residue 121483585
20:42:31,619  INFO AbstractTestCases:17 - The method HillClimbing took 294 milliseconds for file src/test/resources/RandomInstance-36.txt and computed the residue 90942957
20:42:31,619  INFO AbstractTestCases:17 - The method HillClimbing took 344 milliseconds for file src/test/resources/RandomInstance-37.txt and computed the residue 173657604
20:42:31,619  INFO AbstractTestCases:17 - The method HillClimbing took 307 milliseconds for file src/test/resources/RandomInstance-38.txt and computed the residue 1378933
20:42:31,619  INFO AbstractTestCases:17 - The method HillClimbing took 322 milliseconds for file src/test/resources/RandomInstance-39.txt and computed the residue 94797797
20:42:31,620  INFO AbstractTestCases:17 - The method HillClimbing took 314 milliseconds for file src/test/resources/RandomInstance-40.txt and computed the residue 239991156
20:42:31,620  INFO AbstractTestCases:17 - The method HillClimbing took 288 milliseconds for file src/test/resources/RandomInstance-41.txt and computed the residue 54339344
20:42:31,620  INFO AbstractTestCases:17 - The method HillClimbing took 305 milliseconds for file src/test/resources/RandomInstance-42.txt and computed the residue 55179765
20:42:31,621  INFO AbstractTestCases:17 - The method HillClimbing took 346 milliseconds for file src/test/resources/RandomInstance-43.txt and computed the residue 113441143
20:42:31,621  INFO AbstractTestCases:17 - The method HillClimbing took 266 milliseconds for file src/test/resources/RandomInstance-44.txt and computed the residue 1015782752
20:42:31,621  INFO AbstractTestCases:17 - The method HillClimbing took 289 milliseconds for file src/test/resources/RandomInstance-45.txt and computed the residue 117199843
20:42:31,622  INFO AbstractTestCases:17 - The method HillClimbing took 290 milliseconds for file src/test/resources/RandomInstance-46.txt and computed the residue 66183094
20:42:31,622  INFO AbstractTestCases:17 - The method HillClimbing took 269 milliseconds for file src/test/resources/RandomInstance-47.txt and computed the residue 310668787
20:42:31,622  INFO AbstractTestCases:17 - The method HillClimbing took 287 milliseconds for file src/test/resources/RandomInstance-48.txt and computed the residue 126457527
20:42:31,623  INFO AbstractTestCases:17 - The method HillClimbing took 328 milliseconds for file src/test/resources/RandomInstance-49.txt and computed the residue 401869264
20:42:31,623  INFO AbstractTestCases:17 - The method HillClimbing took 270 milliseconds for file src/test/resources/RandomInstance-50.txt and computed the residue 64146829
20:43:06,346  INFO AbstractTestCases:17 - The method Simulated Annealing took 814 milliseconds for file src/test/resources/RandomInstance-01.txt and computed the residue 2254807475678
20:43:06,349  INFO AbstractTestCases:17 - The method Simulated Annealing took 679 milliseconds for file src/test/resources/RandomInstance-02.txt and computed the residue 958833919822
20:43:06,349  INFO AbstractTestCases:17 - The method Simulated Annealing took 647 milliseconds for file src/test/resources/RandomInstance-03.txt and computed the residue 270581848166
20:43:06,349  INFO AbstractTestCases:17 - The method Simulated Annealing took 702 milliseconds for file src/test/resources/RandomInstance-04.txt and computed the residue 11746904198357
20:43:06,350  INFO AbstractTestCases:17 - The method Simulated Annealing took 631 milliseconds for file src/test/resources/RandomInstance-05.txt and computed the residue 1060946242216
20:43:06,350  INFO AbstractTestCases:17 - The method Simulated Annealing took 741 milliseconds for file src/test/resources/RandomInstance-06.txt and computed the residue 3480910113576
20:43:06,350  INFO AbstractTestCases:17 - The method Simulated Annealing took 741 milliseconds for file src/test/resources/RandomInstance-07.txt and computed the residue 4154691015704
20:43:06,351  INFO AbstractTestCases:17 - The method Simulated Annealing took 714 milliseconds for file src/test/resources/RandomInstance-08.txt and computed the residue 3126898979112
20:43:06,351  INFO AbstractTestCases:17 - The method Simulated Annealing took 768 milliseconds for file src/test/resources/RandomInstance-09.txt and computed the residue 14804974024980
20:43:06,351  INFO AbstractTestCases:17 - The method Simulated Annealing took 699 milliseconds for file src/test/resources/RandomInstance-10.txt and computed the residue 4833845662500
20:43:06,352  INFO AbstractTestCases:17 - The method Simulated Annealing took 692 milliseconds for file src/test/resources/RandomInstance-11.txt and computed the residue 1809988619068
20:43:06,352  INFO AbstractTestCases:17 - The method Simulated Annealing took 663 milliseconds for file src/test/resources/RandomInstance-12.txt and computed the residue 1251895054905
20:43:06,352  INFO AbstractTestCases:17 - The method Simulated Annealing took 774 milliseconds for file src/test/resources/RandomInstance-13.txt and computed the residue 5281870388584
20:43:06,352  INFO AbstractTestCases:17 - The method Simulated Annealing took 643 milliseconds for file src/test/resources/RandomInstance-14.txt and computed the residue 1501462343970
20:43:06,353  INFO AbstractTestCases:17 - The method Simulated Annealing took 624 milliseconds for file src/test/resources/RandomInstance-15.txt and computed the residue 359075019557
20:43:06,353  INFO AbstractTestCases:17 - The method Simulated Annealing took 658 milliseconds for file src/test/resources/RandomInstance-16.txt and computed the residue 7160952778398
20:43:06,353  INFO AbstractTestCases:17 - The method Simulated Annealing took 642 milliseconds for file src/test/resources/RandomInstance-17.txt and computed the residue 4596003017932
20:43:06,354  INFO AbstractTestCases:17 - The method Simulated Annealing took 638 milliseconds for file src/test/resources/RandomInstance-18.txt and computed the residue 14181201031754
20:43:06,354  INFO AbstractTestCases:17 - The method Simulated Annealing took 716 milliseconds for file src/test/resources/RandomInstance-19.txt and computed the residue 234535653228
20:43:06,354  INFO AbstractTestCases:17 - The method Simulated Annealing took 739 milliseconds for file src/test/resources/RandomInstance-20.txt and computed the residue 4156761393050
20:43:06,355  INFO AbstractTestCases:17 - The method Simulated Annealing took 725 milliseconds for file src/test/resources/RandomInstance-21.txt and computed the residue 300155744608
20:43:06,355  INFO AbstractTestCases:17 - The method Simulated Annealing took 727 milliseconds for file src/test/resources/RandomInstance-22.txt and computed the residue 6821892826037
20:43:06,355  INFO AbstractTestCases:17 - The method Simulated Annealing took 753 milliseconds for file src/test/resources/RandomInstance-23.txt and computed the residue 6077155244860
20:43:06,356  INFO AbstractTestCases:17 - The method Simulated Annealing took 681 milliseconds for file src/test/resources/RandomInstance-24.txt and computed the residue 3482496384275
20:43:06,357  INFO AbstractTestCases:17 - The method Simulated Annealing took 677 milliseconds for file src/test/resources/RandomInstance-25.txt and computed the residue 1594924094984
20:43:06,358  INFO AbstractTestCases:17 - The method Simulated Annealing took 662 milliseconds for file src/test/resources/RandomInstance-26.txt and computed the residue 6414542319311
20:43:06,358  INFO AbstractTestCases:17 - The method Simulated Annealing took 688 milliseconds for file src/test/resources/RandomInstance-27.txt and computed the residue 4809276938458
20:43:06,359  INFO AbstractTestCases:17 - The method Simulated Annealing took 653 milliseconds for file src/test/resources/RandomInstance-28.txt and computed the residue 5776222289338
20:43:06,359  INFO AbstractTestCases:17 - The method Simulated Annealing took 661 milliseconds for file src/test/resources/RandomInstance-29.txt and computed the residue 5260442782620
20:43:06,360  INFO AbstractTestCases:17 - The method Simulated Annealing took 639 milliseconds for file src/test/resources/RandomInstance-30.txt and computed the residue 6488432369742
20:43:06,363  INFO AbstractTestCases:17 - The method Simulated Annealing took 670 milliseconds for file src/test/resources/RandomInstance-31.txt and computed the residue 9190297244886
20:43:06,365  INFO AbstractTestCases:17 - The method Simulated Annealing took 722 milliseconds for file src/test/resources/RandomInstance-32.txt and computed the residue 3475191664457
20:43:06,368  INFO AbstractTestCases:17 - The method Simulated Annealing took 688 milliseconds for file src/test/resources/RandomInstance-33.txt and computed the residue 826048994096
20:43:06,369  INFO AbstractTestCases:17 - The method Simulated Annealing took 757 milliseconds for file src/test/resources/RandomInstance-34.txt and computed the residue 2143808161722
20:43:06,370  INFO AbstractTestCases:17 - The method Simulated Annealing took 701 milliseconds for file src/test/resources/RandomInstance-35.txt and computed the residue 1822434528921
20:43:06,370  INFO AbstractTestCases:17 - The method Simulated Annealing took 790 milliseconds for file src/test/resources/RandomInstance-36.txt and computed the residue 5080631288111
20:43:06,370  INFO AbstractTestCases:17 - The method Simulated Annealing took 674 milliseconds for file src/test/resources/RandomInstance-37.txt and computed the residue 4424853220158
20:43:06,371  INFO AbstractTestCases:17 - The method Simulated Annealing took 650 milliseconds for file src/test/resources/RandomInstance-38.txt and computed the residue 4942602163203
20:43:06,371  INFO AbstractTestCases:17 - The method Simulated Annealing took 681 milliseconds for file src/test/resources/RandomInstance-39.txt and computed the residue 8189836505881
20:43:06,371  INFO AbstractTestCases:17 - The method Simulated Annealing took 676 milliseconds for file src/test/resources/RandomInstance-40.txt and computed the residue 7053337880704
20:43:06,372  INFO AbstractTestCases:17 - The method Simulated Annealing took 654 milliseconds for file src/test/resources/RandomInstance-41.txt and computed the residue 10293070769290
20:43:06,372  INFO AbstractTestCases:17 - The method Simulated Annealing took 662 milliseconds for file src/test/resources/RandomInstance-42.txt and computed the residue 277317347901
20:43:06,372  INFO AbstractTestCases:17 - The method Simulated Annealing took 640 milliseconds for file src/test/resources/RandomInstance-43.txt and computed the residue 2805472014833
20:43:06,372  INFO AbstractTestCases:17 - The method Simulated Annealing took 653 milliseconds for file src/test/resources/RandomInstance-44.txt and computed the residue 6742252487914
20:43:06,374  INFO AbstractTestCases:17 - The method Simulated Annealing took 682 milliseconds for file src/test/resources/RandomInstance-45.txt and computed the residue 4647244930875
20:43:06,375  INFO AbstractTestCases:17 - The method Simulated Annealing took 738 milliseconds for file src/test/resources/RandomInstance-46.txt and computed the residue 2171192784116
20:43:06,375  INFO AbstractTestCases:17 - The method Simulated Annealing took 718 milliseconds for file src/test/resources/RandomInstance-47.txt and computed the residue 4576815681819
20:43:06,375  INFO AbstractTestCases:17 - The method Simulated Annealing took 745 milliseconds for file src/test/resources/RandomInstance-48.txt and computed the residue 12028523224663
20:43:06,376  INFO AbstractTestCases:17 - The method Simulated Annealing took 660 milliseconds for file src/test/resources/RandomInstance-49.txt and computed the residue 2032263062844
20:43:06,376  INFO AbstractTestCases:17 - The method Simulated Annealing took 767 milliseconds for file src/test/resources/RandomInstance-50.txt and computed the residue 2881157114567
20:44:01,219  INFO AbstractTestCases:17 - The method MixedRandomRepeated took 1251 milliseconds for file src/test/resources/RandomInstance-01.txt and computed the residue 22
20:44:01,222  INFO AbstractTestCases:17 - The method MixedRandomRepeated took 1077 milliseconds for file src/test/resources/RandomInstance-02.txt and computed the residue 50
20:44:01,223  INFO AbstractTestCases:17 - The method MixedRandomRepeated took 1001 milliseconds for file src/test/resources/RandomInstance-03.txt and computed the residue 182
20:44:01,223  INFO AbstractTestCases:17 - The method MixedRandomRepeated took 1028 milliseconds for file src/test/resources/RandomInstance-04.txt and computed the residue 141
20:44:01,223  INFO AbstractTestCases:17 - The method MixedRandomRepeated took 1051 milliseconds for file src/test/resources/RandomInstance-05.txt and computed the residue 180
20:44:01,227  INFO AbstractTestCases:17 - The method MixedRandomRepeated took 1221 milliseconds for file src/test/resources/RandomInstance-06.txt and computed the residue 132
20:44:01,239  INFO AbstractTestCases:17 - The method MixedRandomRepeated took 1183 milliseconds for file src/test/resources/RandomInstance-07.txt and computed the residue 464
20:44:01,239  INFO AbstractTestCases:17 - The method MixedRandomRepeated took 1161 milliseconds for file src/test/resources/RandomInstance-08.txt and computed the residue 260
20:44:01,240  INFO AbstractTestCases:17 - The method MixedRandomRepeated took 1046 milliseconds for file src/test/resources/RandomInstance-09.txt and computed the residue 10
20:44:01,240  INFO AbstractTestCases:17 - The method MixedRandomRepeated took 1063 milliseconds for file src/test/resources/RandomInstance-10.txt and computed the residue 54
20:44:01,240  INFO AbstractTestCases:17 - The method MixedRandomRepeated took 1024 milliseconds for file src/test/resources/RandomInstance-11.txt and computed the residue 180
20:44:01,241  INFO AbstractTestCases:17 - The method MixedRandomRepeated took 1064 milliseconds for file src/test/resources/RandomInstance-12.txt and computed the residue 207
20:44:01,241  INFO AbstractTestCases:17 - The method MixedRandomRepeated took 1019 milliseconds for file src/test/resources/RandomInstance-13.txt and computed the residue 252
20:44:01,241  INFO AbstractTestCases:17 - The method MixedRandomRepeated took 1132 milliseconds for file src/test/resources/RandomInstance-14.txt and computed the residue 12
20:44:01,271  INFO AbstractTestCases:17 - The method MixedRandomRepeated took 1209 milliseconds for file src/test/resources/RandomInstance-15.txt and computed the residue 31
20:44:01,272  INFO AbstractTestCases:17 - The method MixedRandomRepeated took 1233 milliseconds for file src/test/resources/RandomInstance-16.txt and computed the residue 96
20:44:01,272  INFO AbstractTestCases:17 - The method MixedRandomRepeated took 1045 milliseconds for file src/test/resources/RandomInstance-17.txt and computed the residue 8
20:44:01,272  INFO AbstractTestCases:17 - The method MixedRandomRepeated took 1069 milliseconds for file src/test/resources/RandomInstance-18.txt and computed the residue 14
20:44:01,272  INFO AbstractTestCases:17 - The method MixedRandomRepeated took 1015 milliseconds for file src/test/resources/RandomInstance-19.txt and computed the residue 502
20:44:01,273  INFO AbstractTestCases:17 - The method MixedRandomRepeated took 1023 milliseconds for file src/test/resources/RandomInstance-20.txt and computed the residue 60
20:44:01,273  INFO AbstractTestCases:17 - The method MixedRandomRepeated took 975 milliseconds for file src/test/resources/RandomInstance-21.txt and computed the residue 38
20:44:01,273  INFO AbstractTestCases:17 - The method MixedRandomRepeated took 1093 milliseconds for file src/test/resources/RandomInstance-22.txt and computed the residue 29
20:44:01,273  INFO AbstractTestCases:17 - The method MixedRandomRepeated took 1204 milliseconds for file src/test/resources/RandomInstance-23.txt and computed the residue 40
20:44:01,273  INFO AbstractTestCases:17 - The method MixedRandomRepeated took 1212 milliseconds for file src/test/resources/RandomInstance-24.txt and computed the residue 23
20:44:01,274  INFO AbstractTestCases:17 - The method MixedRandomRepeated took 1039 milliseconds for file src/test/resources/RandomInstance-25.txt and computed the residue 56
20:44:01,274  INFO AbstractTestCases:17 - The method MixedRandomRepeated took 1094 milliseconds for file src/test/resources/RandomInstance-26.txt and computed the residue 21
20:44:01,275  INFO AbstractTestCases:17 - The method MixedRandomRepeated took 1019 milliseconds for file src/test/resources/RandomInstance-27.txt and computed the residue 408
20:44:01,275  INFO AbstractTestCases:17 - The method MixedRandomRepeated took 1043 milliseconds for file src/test/resources/RandomInstance-28.txt and computed the residue 190
20:44:01,275  INFO AbstractTestCases:17 - The method MixedRandomRepeated took 972 milliseconds for file src/test/resources/RandomInstance-29.txt and computed the residue 146
20:44:01,287  INFO AbstractTestCases:17 - The method MixedRandomRepeated took 1087 milliseconds for file src/test/resources/RandomInstance-30.txt and computed the residue 34
20:44:01,292  INFO AbstractTestCases:17 - The method MixedRandomRepeated took 1163 milliseconds for file src/test/resources/RandomInstance-31.txt and computed the residue 232
20:44:01,294  INFO AbstractTestCases:17 - The method MixedRandomRepeated took 1194 milliseconds for file src/test/resources/RandomInstance-32.txt and computed the residue 149
20:44:01,298  INFO AbstractTestCases:17 - The method MixedRandomRepeated took 1142 milliseconds for file src/test/resources/RandomInstance-33.txt and computed the residue 660
20:44:01,300  INFO AbstractTestCases:17 - The method MixedRandomRepeated took 1019 milliseconds for file src/test/resources/RandomInstance-34.txt and computed the residue 220
20:44:01,301  INFO AbstractTestCases:17 - The method MixedRandomRepeated took 1006 milliseconds for file src/test/resources/RandomInstance-35.txt and computed the residue 83
20:44:01,301  INFO AbstractTestCases:17 - The method MixedRandomRepeated took 1023 milliseconds for file src/test/resources/RandomInstance-36.txt and computed the residue 447
20:44:01,301  INFO AbstractTestCases:17 - The method MixedRandomRepeated took 1006 milliseconds for file src/test/resources/RandomInstance-37.txt and computed the residue 224
20:44:01,302  INFO AbstractTestCases:17 - The method MixedRandomRepeated took 1052 milliseconds for file src/test/resources/RandomInstance-38.txt and computed the residue 189
20:44:01,302  INFO AbstractTestCases:17 - The method MixedRandomRepeated took 1236 milliseconds for file src/test/resources/RandomInstance-39.txt and computed the residue 95
20:44:01,302  INFO AbstractTestCases:17 - The method MixedRandomRepeated took 1232 milliseconds for file src/test/resources/RandomInstance-40.txt and computed the residue 24
20:44:01,312  INFO AbstractTestCases:17 - The method MixedRandomRepeated took 1160 milliseconds for file src/test/resources/RandomInstance-41.txt and computed the residue 340
20:44:01,313  INFO AbstractTestCases:17 - The method MixedRandomRepeated took 1115 milliseconds for file src/test/resources/RandomInstance-42.txt and computed the residue 39
20:44:01,313  INFO AbstractTestCases:17 - The method MixedRandomRepeated took 1016 milliseconds for file src/test/resources/RandomInstance-43.txt and computed the residue 43
20:44:01,313  INFO AbstractTestCases:17 - The method MixedRandomRepeated took 1002 milliseconds for file src/test/resources/RandomInstance-44.txt and computed the residue 60
20:44:01,313  INFO AbstractTestCases:17 - The method MixedRandomRepeated took 1025 milliseconds for file src/test/resources/RandomInstance-45.txt and computed the residue 125
20:44:01,314  INFO AbstractTestCases:17 - The method MixedRandomRepeated took 1041 milliseconds for file src/test/resources/RandomInstance-46.txt and computed the residue 322
20:44:01,314  INFO AbstractTestCases:17 - The method MixedRandomRepeated took 1204 milliseconds for file src/test/resources/RandomInstance-47.txt and computed the residue 87
20:44:01,314  INFO AbstractTestCases:17 - The method MixedRandomRepeated took 1153 milliseconds for file src/test/resources/RandomInstance-48.txt and computed the residue 619
20:44:01,314  INFO AbstractTestCases:17 - The method MixedRandomRepeated took 1126 milliseconds for file src/test/resources/RandomInstance-49.txt and computed the residue 112
20:44:01,314  INFO AbstractTestCases:17 - The method MixedRandomRepeated took 1267 milliseconds for file src/test/resources/RandomInstance-50.txt and computed the residue 89
20:44:47,225  INFO AbstractTestCases:17 - The method MixedHillClimbing took 1117 milliseconds for file src/test/resources/RandomInstance-01.txt and computed the residue 58
20:44:47,228  INFO AbstractTestCases:17 - The method MixedHillClimbing took 873 milliseconds for file src/test/resources/RandomInstance-02.txt and computed the residue 142
20:44:47,228  INFO AbstractTestCases:17 - The method MixedHillClimbing took 905 milliseconds for file src/test/resources/RandomInstance-03.txt and computed the residue 218
20:44:47,229  INFO AbstractTestCases:17 - The method MixedHillClimbing took 829 milliseconds for file src/test/resources/RandomInstance-04.txt and computed the residue 1183
20:44:47,232  INFO AbstractTestCases:17 - The method MixedHillClimbing took 1072 milliseconds for file src/test/resources/RandomInstance-05.txt and computed the residue 2088
20:44:47,232  INFO AbstractTestCases:17 - The method MixedHillClimbing took 861 milliseconds for file src/test/resources/RandomInstance-06.txt and computed the residue 28
20:44:47,233  INFO AbstractTestCases:17 - The method MixedHillClimbing took 1091 milliseconds for file src/test/resources/RandomInstance-07.txt and computed the residue 1734
20:44:47,233  INFO AbstractTestCases:17 - The method MixedHillClimbing took 952 milliseconds for file src/test/resources/RandomInstance-08.txt and computed the residue 80
20:44:47,233  INFO AbstractTestCases:17 - The method MixedHillClimbing took 837 milliseconds for file src/test/resources/RandomInstance-09.txt and computed the residue 144
20:44:47,233  INFO AbstractTestCases:17 - The method MixedHillClimbing took 966 milliseconds for file src/test/resources/RandomInstance-10.txt and computed the residue 1650
20:44:47,234  INFO AbstractTestCases:17 - The method MixedHillClimbing took 883 milliseconds for file src/test/resources/RandomInstance-11.txt and computed the residue 102
20:44:47,234  INFO AbstractTestCases:17 - The method MixedHillClimbing took 962 milliseconds for file src/test/resources/RandomInstance-12.txt and computed the residue 309
20:44:47,234  INFO AbstractTestCases:17 - The method MixedHillClimbing took 828 milliseconds for file src/test/resources/RandomInstance-13.txt and computed the residue 3452
20:44:47,235  INFO AbstractTestCases:17 - The method MixedHillClimbing took 953 milliseconds for file src/test/resources/RandomInstance-14.txt and computed the residue 190
20:44:47,235  INFO AbstractTestCases:17 - The method MixedHillClimbing took 1058 milliseconds for file src/test/resources/RandomInstance-15.txt and computed the residue 975
20:44:47,235  INFO AbstractTestCases:17 - The method MixedHillClimbing took 912 milliseconds for file src/test/resources/RandomInstance-16.txt and computed the residue 3168
20:44:47,235  INFO AbstractTestCases:17 - The method MixedHillClimbing took 1024 milliseconds for file src/test/resources/RandomInstance-17.txt and computed the residue 1038
20:44:47,236  INFO AbstractTestCases:17 - The method MixedHillClimbing took 904 milliseconds for file src/test/resources/RandomInstance-18.txt and computed the residue 312
20:44:47,236  INFO AbstractTestCases:17 - The method MixedHillClimbing took 872 milliseconds for file src/test/resources/RandomInstance-19.txt and computed the residue 418
20:44:47,236  INFO AbstractTestCases:17 - The method MixedHillClimbing took 858 milliseconds for file src/test/resources/RandomInstance-20.txt and computed the residue 130
20:44:47,237  INFO AbstractTestCases:17 - The method MixedHillClimbing took 934 milliseconds for file src/test/resources/RandomInstance-21.txt and computed the residue 32
20:44:47,237  INFO AbstractTestCases:17 - The method MixedHillClimbing took 803 milliseconds for file src/test/resources/RandomInstance-22.txt and computed the residue 3045
20:44:47,239  INFO AbstractTestCases:17 - The method MixedHillClimbing took 817 milliseconds for file src/test/resources/RandomInstance-23.txt and computed the residue 2236
20:44:47,240  INFO AbstractTestCases:17 - The method MixedHillClimbing took 982 milliseconds for file src/test/resources/RandomInstance-24.txt and computed the residue 479
20:44:47,240  INFO AbstractTestCases:17 - The method MixedHillClimbing took 1098 milliseconds for file src/test/resources/RandomInstance-25.txt and computed the residue 574
20:44:47,240  INFO AbstractTestCases:17 - The method MixedHillClimbing took 963 milliseconds for file src/test/resources/RandomInstance-26.txt and computed the residue 1063
20:44:47,241  INFO AbstractTestCases:17 - The method MixedHillClimbing took 1001 milliseconds for file src/test/resources/RandomInstance-27.txt and computed the residue 1516
20:44:47,241  INFO AbstractTestCases:17 - The method MixedHillClimbing took 856 milliseconds for file src/test/resources/RandomInstance-28.txt and computed the residue 834
20:44:47,241  INFO AbstractTestCases:17 - The method MixedHillClimbing took 984 milliseconds for file src/test/resources/RandomInstance-29.txt and computed the residue 148
20:44:47,245  INFO AbstractTestCases:17 - The method MixedHillClimbing took 921 milliseconds for file src/test/resources/RandomInstance-30.txt and computed the residue 50
20:44:47,247  INFO AbstractTestCases:17 - The method MixedHillClimbing took 853 milliseconds for file src/test/resources/RandomInstance-31.txt and computed the residue 1066
20:44:47,251  INFO AbstractTestCases:17 - The method MixedHillClimbing took 902 milliseconds for file src/test/resources/RandomInstance-32.txt and computed the residue 181
20:44:47,254  INFO AbstractTestCases:17 - The method MixedHillClimbing took 715 milliseconds for file src/test/resources/RandomInstance-33.txt and computed the residue 2988
20:44:47,257  INFO AbstractTestCases:17 - The method MixedHillClimbing took 1026 milliseconds for file src/test/resources/RandomInstance-34.txt and computed the residue 332
20:44:47,259  INFO AbstractTestCases:17 - The method MixedHillClimbing took 1031 milliseconds for file src/test/resources/RandomInstance-35.txt and computed the residue 1313
20:44:47,262  INFO AbstractTestCases:17 - The method MixedHillClimbing took 1023 milliseconds for file src/test/resources/RandomInstance-36.txt and computed the residue 67
20:44:47,264  INFO AbstractTestCases:17 - The method MixedHillClimbing took 802 milliseconds for file src/test/resources/RandomInstance-37.txt and computed the residue 44
20:44:47,267  INFO AbstractTestCases:17 - The method MixedHillClimbing took 867 milliseconds for file src/test/resources/RandomInstance-38.txt and computed the residue 1685
20:44:47,329  INFO AbstractTestCases:17 - The method MixedHillClimbing took 784 milliseconds for file src/test/resources/RandomInstance-39.txt and computed the residue 1205
20:44:47,332  INFO AbstractTestCases:17 - The method MixedHillClimbing took 822 milliseconds for file src/test/resources/RandomInstance-40.txt and computed the residue 36
20:44:47,357  INFO AbstractTestCases:17 - The method MixedHillClimbing took 796 milliseconds for file src/test/resources/RandomInstance-41.txt and computed the residue 2020
20:44:47,373  INFO AbstractTestCases:17 - The method MixedHillClimbing took 895 milliseconds for file src/test/resources/RandomInstance-42.txt and computed the residue 211
20:44:47,375  INFO AbstractTestCases:17 - The method MixedHillClimbing took 899 milliseconds for file src/test/resources/RandomInstance-43.txt and computed the residue 833
20:44:47,378  INFO AbstractTestCases:17 - The method MixedHillClimbing took 952 milliseconds for file src/test/resources/RandomInstance-44.txt and computed the residue 2272
20:44:47,384  INFO AbstractTestCases:17 - The method MixedHillClimbing took 1044 milliseconds for file src/test/resources/RandomInstance-45.txt and computed the residue 765
20:44:47,386  INFO AbstractTestCases:17 - The method MixedHillClimbing took 994 milliseconds for file src/test/resources/RandomInstance-46.txt and computed the residue 1334
20:44:47,387  INFO AbstractTestCases:17 - The method MixedHillClimbing took 860 milliseconds for file src/test/resources/RandomInstance-47.txt and computed the residue 313
20:44:47,387  INFO AbstractTestCases:17 - The method MixedHillClimbing took 838 milliseconds for file src/test/resources/RandomInstance-48.txt and computed the residue 397
20:44:47,387  INFO AbstractTestCases:17 - The method MixedHillClimbing took 799 milliseconds for file src/test/resources/RandomInstance-49.txt and computed the residue 378
20:44:47,387  INFO AbstractTestCases:17 - The method MixedHillClimbing took 886 milliseconds for file src/test/resources/RandomInstance-50.txt and computed the residue 23
20:47:45,409  INFO AbstractTestCases:17 - The method MixedSimulatedAnnealing took 3782 milliseconds for file src/test/resources/RandomInstance-01.txt and computed the residue 502
20:47:45,413  INFO AbstractTestCases:17 - The method MixedSimulatedAnnealing took 3484 milliseconds for file src/test/resources/RandomInstance-02.txt and computed the residue 20
20:47:45,414  INFO AbstractTestCases:17 - The method MixedSimulatedAnnealing took 3303 milliseconds for file src/test/resources/RandomInstance-03.txt and computed the residue 670
20:47:45,414  INFO AbstractTestCases:17 - The method MixedSimulatedAnnealing took 3940 milliseconds for file src/test/resources/RandomInstance-04.txt and computed the residue 273
20:47:45,414  INFO AbstractTestCases:17 - The method MixedSimulatedAnnealing took 3371 milliseconds for file src/test/resources/RandomInstance-05.txt and computed the residue 38
20:47:45,414  INFO AbstractTestCases:17 - The method MixedSimulatedAnnealing took 3799 milliseconds for file src/test/resources/RandomInstance-06.txt and computed the residue 140
20:47:45,415  INFO AbstractTestCases:17 - The method MixedSimulatedAnnealing took 3696 milliseconds for file src/test/resources/RandomInstance-07.txt and computed the residue 328
20:47:45,415  INFO AbstractTestCases:17 - The method MixedSimulatedAnnealing took 2892 milliseconds for file src/test/resources/RandomInstance-08.txt and computed the residue 26
20:47:45,415  INFO AbstractTestCases:17 - The method MixedSimulatedAnnealing took 3761 milliseconds for file src/test/resources/RandomInstance-09.txt and computed the residue 510
20:47:45,415  INFO AbstractTestCases:17 - The method MixedSimulatedAnnealing took 3241 milliseconds for file src/test/resources/RandomInstance-10.txt and computed the residue 20
20:47:45,416  INFO AbstractTestCases:17 - The method MixedSimulatedAnnealing took 3795 milliseconds for file src/test/resources/RandomInstance-11.txt and computed the residue 142
20:47:45,416  INFO AbstractTestCases:17 - The method MixedSimulatedAnnealing took 3448 milliseconds for file src/test/resources/RandomInstance-12.txt and computed the residue 1537
20:47:45,416  INFO AbstractTestCases:17 - The method MixedSimulatedAnnealing took 3241 milliseconds for file src/test/resources/RandomInstance-13.txt and computed the residue 236
20:47:45,416  INFO AbstractTestCases:17 - The method MixedSimulatedAnnealing took 3818 milliseconds for file src/test/resources/RandomInstance-14.txt and computed the residue 32
20:47:45,417  INFO AbstractTestCases:17 - The method MixedSimulatedAnnealing took 3568 milliseconds for file src/test/resources/RandomInstance-15.txt and computed the residue 11
20:47:45,417  INFO AbstractTestCases:17 - The method MixedSimulatedAnnealing took 3402 milliseconds for file src/test/resources/RandomInstance-16.txt and computed the residue 24
20:47:45,417  INFO AbstractTestCases:17 - The method MixedSimulatedAnnealing took 3580 milliseconds for file src/test/resources/RandomInstance-17.txt and computed the residue 494
20:47:45,417  INFO AbstractTestCases:17 - The method MixedSimulatedAnnealing took 3377 milliseconds for file src/test/resources/RandomInstance-18.txt and computed the residue 16
20:47:45,418  INFO AbstractTestCases:17 - The method MixedSimulatedAnnealing took 3779 milliseconds for file src/test/resources/RandomInstance-19.txt and computed the residue 610
20:47:45,418  INFO AbstractTestCases:17 - The method MixedSimulatedAnnealing took 3727 milliseconds for file src/test/resources/RandomInstance-20.txt and computed the residue 154
20:47:45,418  INFO AbstractTestCases:17 - The method MixedSimulatedAnnealing took 3552 milliseconds for file src/test/resources/RandomInstance-21.txt and computed the residue 280
20:47:45,418  INFO AbstractTestCases:17 - The method MixedSimulatedAnnealing took 3618 milliseconds for file src/test/resources/RandomInstance-22.txt and computed the residue 91
20:47:45,419  INFO AbstractTestCases:17 - The method MixedSimulatedAnnealing took 3674 milliseconds for file src/test/resources/RandomInstance-23.txt and computed the residue 566
20:47:45,419  INFO AbstractTestCases:17 - The method MixedSimulatedAnnealing took 3632 milliseconds for file src/test/resources/RandomInstance-24.txt and computed the residue 679
20:47:45,419  INFO AbstractTestCases:17 - The method MixedSimulatedAnnealing took 3795 milliseconds for file src/test/resources/RandomInstance-25.txt and computed the residue 34
20:47:45,420  INFO AbstractTestCases:17 - The method MixedSimulatedAnnealing took 3869 milliseconds for file src/test/resources/RandomInstance-26.txt and computed the residue 35
20:47:45,420  INFO AbstractTestCases:17 - The method MixedSimulatedAnnealing took 3367 milliseconds for file src/test/resources/RandomInstance-27.txt and computed the residue 306
20:47:45,420  INFO AbstractTestCases:17 - The method MixedSimulatedAnnealing took 3404 milliseconds for file src/test/resources/RandomInstance-28.txt and computed the residue 44
20:47:45,420  INFO AbstractTestCases:17 - The method MixedSimulatedAnnealing took 3748 milliseconds for file src/test/resources/RandomInstance-29.txt and computed the residue 378
20:47:45,421  INFO AbstractTestCases:17 - The method MixedSimulatedAnnealing took 3751 milliseconds for file src/test/resources/RandomInstance-30.txt and computed the residue 458
20:47:45,421  INFO AbstractTestCases:17 - The method MixedSimulatedAnnealing took 3293 milliseconds for file src/test/resources/RandomInstance-31.txt and computed the residue 1064
20:47:45,421  INFO AbstractTestCases:17 - The method MixedSimulatedAnnealing took 3561 milliseconds for file src/test/resources/RandomInstance-32.txt and computed the residue 161
20:47:45,422  INFO AbstractTestCases:17 - The method MixedSimulatedAnnealing took 3345 milliseconds for file src/test/resources/RandomInstance-33.txt and computed the residue 2208
20:47:45,422  INFO AbstractTestCases:17 - The method MixedSimulatedAnnealing took 3472 milliseconds for file src/test/resources/RandomInstance-34.txt and computed the residue 28
20:47:45,422  INFO AbstractTestCases:17 - The method MixedSimulatedAnnealing took 3292 milliseconds for file src/test/resources/RandomInstance-35.txt and computed the residue 119
20:47:45,422  INFO AbstractTestCases:17 - The method MixedSimulatedAnnealing took 3771 milliseconds for file src/test/resources/RandomInstance-36.txt and computed the residue 383
20:47:45,423  INFO AbstractTestCases:17 - The method MixedSimulatedAnnealing took 3094 milliseconds for file src/test/resources/RandomInstance-37.txt and computed the residue 18
20:47:45,423  INFO AbstractTestCases:17 - The method MixedSimulatedAnnealing took 3475 milliseconds for file src/test/resources/RandomInstance-38.txt and computed the residue 133
20:47:45,423  INFO AbstractTestCases:17 - The method MixedSimulatedAnnealing took 3864 milliseconds for file src/test/resources/RandomInstance-39.txt and computed the residue 35
20:47:45,424  INFO AbstractTestCases:17 - The method MixedSimulatedAnnealing took 3220 milliseconds for file src/test/resources/RandomInstance-40.txt and computed the residue 60
20:47:45,424  INFO AbstractTestCases:17 - The method MixedSimulatedAnnealing took 3648 milliseconds for file src/test/resources/RandomInstance-41.txt and computed the residue 304
20:47:45,424  INFO AbstractTestCases:17 - The method MixedSimulatedAnnealing took 3653 milliseconds for file src/test/resources/RandomInstance-42.txt and computed the residue 285
20:47:45,424  INFO AbstractTestCases:17 - The method MixedSimulatedAnnealing took 3576 milliseconds for file src/test/resources/RandomInstance-43.txt and computed the residue 165
20:47:45,425  INFO AbstractTestCases:17 - The method MixedSimulatedAnnealing took 3835 milliseconds for file src/test/resources/RandomInstance-44.txt and computed the residue 134
20:47:45,425  INFO AbstractTestCases:17 - The method MixedSimulatedAnnealing took 3253 milliseconds for file src/test/resources/RandomInstance-45.txt and computed the residue 125
20:47:45,425  INFO AbstractTestCases:17 - The method MixedSimulatedAnnealing took 4079 milliseconds for file src/test/resources/RandomInstance-46.txt and computed the residue 16
20:47:45,426  INFO AbstractTestCases:17 - The method MixedSimulatedAnnealing took 3472 milliseconds for file src/test/resources/RandomInstance-47.txt and computed the residue 197
20:47:45,426  INFO AbstractTestCases:17 - The method MixedSimulatedAnnealing took 3587 milliseconds for file src/test/resources/RandomInstance-48.txt and computed the residue 23
20:47:45,426  INFO AbstractTestCases:17 - The method MixedSimulatedAnnealing took 3766 milliseconds for file src/test/resources/RandomInstance-49.txt and computed the residue 80
20:47:45,427  INFO AbstractTestCases:17 - The method MixedSimulatedAnnealing took 3349 milliseconds for file src/test/resources/RandomInstance-50.txt and computed the residue 501
