#
# A fatal error has been detected by the Java Runtime Environment:
#
#  Internal Error (safepoint.cpp:318), pid=21214, tid=11011
#  guarantee(PageArmed == 0) failed: invariant
#
# JRE version: Java(TM) SE Runtime Environment (7.0_40-b43) (build 1.7.0_40-b43)
# Java VM: Java HotSpot(TM) 64-Bit Server VM (24.0-b56 mixed mode bsd-amd64 compressed oops)
# Failed to write core dump. Core dumps have been disabled. To enable core dumping, try "ulimit -c unlimited" before starting Java again
#
# If you would like to submit a bug report, please visit:
#   http://bugreport.sun.com/bugreport/crash.jsp
#

---------------  T H R E A D  ---------------

Current thread (0x00007f843b059000):  VMThread [stack: 0x00000001137c3000,0x00000001138c3000] [id=11011]

Stack: [0x00000001137c3000,0x00000001138c3000],  sp=0x00000001138c29a0,  free space=1022k
Native frames: (J=compiled Java code, j=interpreted, Vv=VM code, C=native code)
V  [libjvm.dylib+0x5245f9]
V  [libjvm.dylib+0x1ebd3d]
V  [libjvm.dylib+0x46d762]
V  [libjvm.dylib+0x52a11d]
V  [libjvm.dylib+0x529a6b]
V  [libjvm.dylib+0x41a8e1]
C  [libsystem_pthread.dylib+0x1899]  _pthread_body+0x8a
C  [libsystem_pthread.dylib+0x172a]  _pthread_struct_init+0x0
C  [libsystem_pthread.dylib+0x5fc9]  thread_start+0xd

VM_Operation (0x0000000113c11728): Exit, mode: safepoint, requested by thread 0x00007f843b080800


---------------  P R O C E S S  ---------------

Java Threads: ( => current thread )
  0x00007f843b080800 JavaThread "SIGTERM handler" daemon [_thread_blocked, id=14343, stack(0x0000000113b12000,0x0000000113c12000)]
  0x00007f843b8c2800 JavaThread "ReaderThread" [_thread_blocked, id=19459, stack(0x00000001141f4000,0x00000001142f4000)]
  0x00007f843b067000 JavaThread "Service Thread" daemon [_thread_blocked, id=18435, stack(0x0000000113f21000,0x0000000114021000)]
  0x00007f843b81c000 JavaThread "C2 CompilerThread1" daemon [_thread_blocked, id=17923, stack(0x0000000113e1e000,0x0000000113f1e000)]
  0x00007f843b077000 JavaThread "C2 CompilerThread0" daemon [_thread_blocked, id=17411, stack(0x0000000113d1b000,0x0000000113e1b000)]
  0x00007f843b804000 JavaThread "Signal Dispatcher" daemon [_thread_in_vm, id=16899, stack(0x0000000113c18000,0x0000000113d18000)]
  0x00007f843b062000 JavaThread "Finalizer" daemon [_thread_blocked, id=12035, stack(0x00000001139c9000,0x0000000113ac9000)]
  0x00007f843b059800 JavaThread "Reference Handler" daemon [_thread_blocked, id=11523, stack(0x00000001138c6000,0x00000001139c6000)]
  0x00007f843b00f000 JavaThread "main" [_thread_in_Java, id=4867, stack(0x000000010a534000,0x000000010a634000)]

Other Threads:
=>0x00007f843b059000 VMThread [stack: 0x00000001137c3000,0x00000001138c3000] [id=11011]

VM state:synchronizing (normal execution)

VM Mutex/Monitor currently owned by a thread:  ([mutex/lock_event])
[0x00007f843ac113f0] Safepoint_lock - owner thread: 0x00007f843b059000
[0x00007f843ac11470] Threads_lock - owner thread: 0x00007f843b059000

Heap
 PSYoungGen      total 493056K, used 300701K [0x00000007d5500000, 0x0000000800000000, 0x0000000800000000)
  eden space 424960K, 58% used [0x00000007d5500000,0x00000007e49ac5c8,0x00000007ef400000)
  from space 68096K, 73% used [0x00000007ef400000,0x00000007f24fb100,0x00000007f3680000)
  to   space 79872K, 0% used [0x00000007fb200000,0x00000007fb200000,0x0000000800000000)
 ParOldGen       total 1397760K, used 1292350K [0x0000000780000000, 0x00000007d5500000, 0x00000007d5500000)
  object space 1397760K, 92% used [0x0000000780000000,0x00000007cee0f890,0x00000007d5500000)
 PSPermGen       total 21504K, used 5169K [0x000000077ae00000, 0x000000077c300000, 0x0000000780000000)
  object space 21504K, 24% used [0x000000077ae00000,0x000000077b30c5c0,0x000000077c300000)

Card table byte_map: [0x000000010dc00000,0x000000010e02a000] byte_map_base: 0x000000010a029000

Polling page: 0x000000010a673000

Code Cache  [0x000000010ac00000, 0x000000010ae70000, 0x000000010dc00000)
 total_blobs=264 nmethods=26 adapters=193 free_code_cache=48700Kb largest_free_block=49849216

Compilation events (10 events):
Event: 0.708 Thread 0x00007f843b81c000   22 %           edu.harvard.cscie124.strassen.MatrixGenerator::generateMatrixWith0And1 @ 19 (55 bytes)
Event: 0.715 Thread 0x00007f843b81c000 nmethod 22% 0x000000010ac6eed0 code [0x000000010ac6f040, 0x000000010ac6f318]
Event: 0.845 Thread 0x00007f843b077000   23             edu.harvard.cscie124.strassen.MatrixGenerator::generateMatrixWith0And1 (55 bytes)
Event: 0.851 Thread 0x00007f843b077000 nmethod 23 0x000000010ac6e850 code [0x000000010ac6e9a0, 0x000000010ac6ec38]
Event: 1.135 Thread 0x00007f843b077000   24 %           edu.harvard.cscie124.strassen.MatrixMultiplication::multiplyNaive @ 40 (98 bytes)
Event: 1.147 Thread 0x00007f843b077000 nmethod 24% 0x000000010ac706d0 code [0x000000010ac70820, 0x000000010ac70cd8]
Event: 1.211 Thread 0x00007f843b81c000   25 %           edu.harvard.cscie124.strassen.MatrixMultiplication::multiplyNaive @ 40 (98 bytes)
Event: 1.227 Thread 0x00007f843b81c000 nmethod 25% 0x000000010ac6fc50 code [0x000000010ac6fdc0, 0x000000010ac70338]
Event: 134.596 Thread 0x00007f843b077000   26             edu.harvard.cscie124.strassen.MatrixMultiplication::multiplyNaive (98 bytes)
Event: 134.606 Thread 0x00007f843b077000 nmethod 26 0x000000010ac725d0 code [0x000000010ac72720, 0x000000010ac72ab8]

GC Heap History (10 events):
Event: 1883.882 GC heap before
{Heap before GC invocations=16 (full 7):
 PSYoungGen      total 369664K, used 49132K [0x00000007d5500000, 0x00000007f6f80000, 0x0000000800000000)
  eden space 320512K, 0% used [0x00000007d5500000,0x00000007d5500000,0x00000007e8e00000)
  from space 49152K, 99% used [0x00000007e8e00000,0x00000007ebdfb000,0x00000007ebe00000)
  to   space 58368K, 0% used [0x00000007f3680000,0x00000007f3680000,0x00000007f6f80000)
 ParOldGen       total 552960K, used 552937K [0x0000000780000000, 0x00000007a1c00000, 0x00000007d5500000)
  object space 552960K, 99% used [0x0000000780000000,0x00000007a1bfa6a0,0x00000007a1c00000)
 PSPermGen       total 21504K, used 5160K [0x000000077ae00000, 0x000000077c300000, 0x0000000780000000)
  object space 21504K, 23% used [0x000000077ae00000,0x000000077b30a388,0x000000077c300000)
Event: 1883.943 GC heap after
Heap after GC invocations=16 (full 7):
 PSYoungGen      total 369664K, used 49132K [0x00000007d5500000, 0x00000007f6f80000, 0x0000000800000000)
  eden space 320512K, 0% used [0x00000007d5500000,0x00000007d5500000,0x00000007e8e00000)
  from space 49152K, 99% used [0x00000007e8e00000,0x00000007ebdfb000,0x00000007ebe00000)
  to   space 58368K, 0% used [0x00000007f3680000,0x00000007f3680000,0x00000007f6f80000)
 ParOldGen       total 887296K, used 552937K [0x0000000780000000, 0x00000007b6280000, 0x00000007d5500000)
  object space 887296K, 62% used [0x0000000780000000,0x00000007a1bfa6a0,0x00000007b6280000)
 PSPermGen       total 21504K, used 5160K [0x000000077ae00000, 0x000000077c300000, 0x0000000780000000)
  object space 21504K, 23% used [0x000000077ae00000,0x000000077b30a388,0x000000077c300000)
}
Event: 1884.138 GC heap before
{Heap before GC invocations=17 (full 7):
 PSYoungGen      total 369664K, used 369644K [0x00000007d5500000, 0x00000007f6f80000, 0x0000000800000000)
  eden space 320512K, 100% used [0x00000007d5500000,0x00000007e8e00000,0x00000007e8e00000)
  from space 49152K, 99% used [0x00000007e8e00000,0x00000007ebdfb000,0x00000007ebe00000)
  to   space 58368K, 0% used [0x00000007f3680000,0x00000007f3680000,0x00000007f6f80000)
 ParOldGen       total 887296K, used 552937K [0x0000000780000000, 0x00000007b6280000, 0x00000007d5500000)
  object space 887296K, 62% used [0x0000000780000000,0x00000007a1bfa6a0,0x00000007b6280000)
 PSPermGen       total 21504K, used 5160K [0x000000077ae00000, 0x000000077c300000, 0x0000000780000000)
  object space 21504K, 23% used [0x000000077ae00000,0x000000077b30a388,0x000000077c300000)
Event: 1885.111 GC heap after
Heap after GC invocations=17 (full 7):
 PSYoungGen      total 483328K, used 58350K [0x00000007d5500000, 0x00000007fa100000, 0x0000000800000000)
  eden space 424960K, 0% used [0x00000007d5500000,0x00000007d5500000,0x00000007ef400000)
  from space 58368K, 99% used [0x00000007f3680000,0x00000007f6f7b900,0x00000007f6f80000)
  to   space 68096K, 0% used [0x00000007ef400000,0x00000007ef400000,0x00000007f3680000)
 ParOldGen       total 887296K, used 861172K [0x0000000780000000, 0x00000007b6280000, 0x00000007d5500000)
  object space 887296K, 97% used [0x0000000780000000,0x00000007b48fd390,0x00000007b6280000)
 PSPermGen       total 21504K, used 5160K [0x000000077ae00000, 0x000000077c300000, 0x0000000780000000)
  object space 21504K, 23% used [0x000000077ae00000,0x000000077b30a388,0x000000077c300000)
}
Event: 1885.111 GC heap before
{Heap before GC invocations=18 (full 8):
 PSYoungGen      total 483328K, used 58350K [0x00000007d5500000, 0x00000007fa100000, 0x0000000800000000)
  eden space 424960K, 0% used [0x00000007d5500000,0x00000007d5500000,0x00000007ef400000)
  from space 58368K, 99% used [0x00000007f3680000,0x00000007f6f7b900,0x00000007f6f80000)
  to   space 68096K, 0% used [0x00000007ef400000,0x00000007ef400000,0x00000007f3680000)
 ParOldGen       total 887296K, used 861172K [0x0000000780000000, 0x00000007b6280000, 0x00000007d5500000)
  object space 887296K, 97% used [0x0000000780000000,0x00000007b48fd390,0x00000007b6280000)
 PSPermGen       total 21504K, used 5160K [0x000000077ae00000, 0x000000077c300000, 0x0000000780000000)
  object space 21504K, 23% used [0x000000077ae00000,0x000000077b30a388,0x000000077c300000)
Event: 1885.532 GC heap after
Heap after GC invocations=18 (full 8):
 PSYoungGen      total 483328K, used 32711K [0x00000007d5500000, 0x00000007fa100000, 0x0000000800000000)
  eden space 424960K, 0% used [0x00000007d5500000,0x00000007d5500000,0x00000007ef400000)
  from space 58368K, 56% used [0x00000007f3680000,0x00000007f5671ff0,0x00000007f6f80000)
  to   space 68096K, 0% used [0x00000007ef400000,0x00000007ef400000,0x00000007f3680000)
 ParOldGen       total 1292800K, used 886811K [0x0000000780000000, 0x00000007cee80000, 0x00000007d5500000)
  object space 1292800K, 68% used [0x0000000780000000,0x00000007b6206ca0,0x00000007cee80000)
 PSPermGen       total 21504K, used 5160K [0x000000077ae00000, 0x000000077c300000, 0x0000000780000000)
  object space 21504K, 23% used [0x000000077ae00000,0x000000077b30a388,0x000000077c300000)
}
Event: 1888.320 GC heap before
{Heap before GC invocations=19 (full 8):
 PSYoungGen      total 483328K, used 457671K [0x00000007d5500000, 0x00000007fa100000, 0x0000000800000000)
  eden space 424960K, 100% used [0x00000007d5500000,0x00000007ef400000,0x00000007ef400000)
  from space 58368K, 56% used [0x00000007f3680000,0x00000007f5671ff0,0x00000007f6f80000)
  to   space 68096K, 0% used [0x00000007ef400000,0x00000007ef400000,0x00000007f3680000)
 ParOldGen       total 1292800K, used 886811K [0x0000000780000000, 0x00000007cee80000, 0x00000007d5500000)
  object space 1292800K, 68% used [0x0000000780000000,0x00000007b6206ca0,0x00000007cee80000)
 PSPermGen       total 21504K, used 5160K [0x000000077ae00000, 0x000000077c300000, 0x0000000780000000)
  object space 21504K, 23% used [0x000000077ae00000,0x000000077b30a388,0x000000077c300000)
Event: 1890.291 GC heap after
Heap after GC invocations=19 (full 8):
 PSYoungGen      total 493056K, used 68080K [0x00000007d5500000, 0x0000000800000000, 0x0000000800000000)
  eden space 424960K, 0% used [0x00000007d5500000,0x00000007d5500000,0x00000007ef400000)
  from space 68096K, 99% used [0x00000007ef400000,0x00000007f367c280,0x00000007f3680000)
  to   space 79872K, 0% used [0x00000007fb200000,0x00000007fb200000,0x0000000800000000)
 ParOldGen       total 1292800K, used 1274425K [0x0000000780000000, 0x00000007cee80000, 0x00000007d5500000)
  object space 1292800K, 98% used [0x0000000780000000,0x00000007cdc8e710,0x00000007cee80000)
 PSPermGen       total 21504K, used 5160K [0x000000077ae00000, 0x000000077c300000, 0x0000000780000000)
  object space 21504K, 23% used [0x000000077ae00000,0x000000077b30a388,0x000000077c300000)
}
Event: 1890.291 GC heap before
{Heap before GC invocations=20 (full 9):
 PSYoungGen      total 493056K, used 68080K [0x00000007d5500000, 0x0000000800000000, 0x0000000800000000)
  eden space 424960K, 0% used [0x00000007d5500000,0x00000007d5500000,0x00000007ef400000)
  from space 68096K, 99% used [0x00000007ef400000,0x00000007f367c280,0x00000007f3680000)
  to   space 79872K, 0% used [0x00000007fb200000,0x00000007fb200000,0x0000000800000000)
 ParOldGen       total 1292800K, used 1274425K [0x0000000780000000, 0x00000007cee80000, 0x00000007d5500000)
  object space 1292800K, 98% used [0x0000000780000000,0x00000007cdc8e710,0x00000007cee80000)
 PSPermGen       total 21504K, used 5160K [0x000000077ae00000, 0x000000077c300000, 0x0000000780000000)
  object space 21504K, 23% used [0x000000077ae00000,0x000000077b30a388,0x000000077c300000)
Event: 1890.455 GC heap after
Heap after GC invocations=20 (full 9):
 PSYoungGen      total 493056K, used 50156K [0x00000007d5500000, 0x0000000800000000, 0x0000000800000000)
  eden space 424960K, 0% used [0x00000007d5500000,0x00000007d5500000,0x00000007ef400000)
  from space 68096K, 73% used [0x00000007ef400000,0x00000007f24fb100,0x00000007f3680000)
  to   space 79872K, 0% used [0x00000007fb200000,0x00000007fb200000,0x0000000800000000)
 ParOldGen       total 1397760K, used 1292350K [0x0000000780000000, 0x00000007d5500000, 0x00000007d5500000)
  object space 1397760K, 92% used [0x0000000780000000,0x00000007cee0f890,0x00000007d5500000)
 PSPermGen       total 21504K, used 5160K [0x000000077ae00000, 0x000000077c300000, 0x0000000780000000)
  object space 21504K, 23% used [0x000000077ae00000,0x000000077b30a388,0x000000077c300000)
}

Deoptimization events (1 events):
Event: 1.211 Thread 0x00007f843b00f000 Uncommon trap: reason=unreached action=reinterpret pc=0x000000010ac70bfc method=edu.harvard.cscie124.strassen.MatrixMultiplication.multiplyNaive([[D[[D)[[D @ 92

Internal exceptions (10 events):
Event: 0.595 Thread 0x00007f843b00f000 Threw 0x00000007d5cb5e48 at /HUDSON/workspace/jdk7u40-2-build-macosx-amd64-product/jdk7u40/hotspot/src/share/vm/prims/jvm.cpp:1244
Event: 0.598 Thread 0x00007f843b00f000 Threw 0x00000007d5cbbb68 at /HUDSON/workspace/jdk7u40-2-build-macosx-amd64-product/jdk7u40/hotspot/src/share/vm/prims/jvm.cpp:1244
Event: 0.599 Thread 0x00007f843b00f000 Threw 0x00000007d5cc0d18 at /HUDSON/workspace/jdk7u40-2-build-macosx-amd64-product/jdk7u40/hotspot/src/share/vm/prims/jvm.cpp:1244
Event: 0.600 Thread 0x00007f843b00f000 Threw 0x00000007d5cc45e8 at /HUDSON/workspace/jdk7u40-2-build-macosx-amd64-product/jdk7u40/hotspot/src/share/vm/prims/jvm.cpp:1244
Event: 0.600 Thread 0x00007f843b00f000 Threw 0x00000007d5cc9190 at /HUDSON/workspace/jdk7u40-2-build-macosx-amd64-product/jdk7u40/hotspot/src/share/vm/prims/jvm.cpp:1244
Event: 0.602 Thread 0x00007f843b00f000 Threw 0x00000007d5ccef08 at /HUDSON/workspace/jdk7u40-2-build-macosx-amd64-product/jdk7u40/hotspot/src/share/vm/prims/jvm.cpp:1244
Event: 0.605 Thread 0x00007f843b00f000 Threw 0x00000007d5cd4a68 at /HUDSON/workspace/jdk7u40-2-build-macosx-amd64-product/jdk7u40/hotspot/src/share/vm/prims/jvm.cpp:1244
Event: 0.607 Thread 0x00007f843b00f000 Threw 0x00000007d5cddd58 at /HUDSON/workspace/jdk7u40-2-build-macosx-amd64-product/jdk7u40/hotspot/src/share/vm/prims/jvm.cpp:1244
Event: 0.607 Thread 0x00007f843b00f000 Threw 0x00000007d5ce2308 at /HUDSON/workspace/jdk7u40-2-build-macosx-amd64-product/jdk7u40/hotspot/src/share/vm/prims/jvm.cpp:1244
Event: 0.614 Thread 0x00007f843b00f000 Threw 0x00000007d5cec388 at /HUDSON/workspace/jdk7u40-2-build-macosx-amd64-product/jdk7u40/hotspot/src/share/vm/prims/jvm.cpp:1244

Events (10 events):
Event: 1888.320 Executing VM operation: ParallelGCFailedAllocation
Event: 1890.455 Executing VM operation: ParallelGCFailedAllocation done
Event: 17741.393 loading class 0x0000000112bd4fe0
Event: 17741.467 loading class 0x0000000112bd4fe0 done
Event: 17741.494 Thread 0x00007f843b080800 Thread added: 0x00007f843b080800
Event: 17741.494 loading class 0x0000000112b94450
Event: 17741.505 loading class 0x0000000112b94450 done
Event: 17741.505 loading class 0x00007f843b0d7530
Event: 17741.506 loading class 0x00007f843b0d7530 done
Event: 17741.585 Executing VM operation: Exit


Dynamic libraries:
0x00000000036d6000 	/System/Library/Frameworks/Cocoa.framework/Versions/A/Cocoa
0x00000000036d6000 	/System/Library/Frameworks/Security.framework/Versions/A/Security
0x00000000036d6000 	/System/Library/Frameworks/ApplicationServices.framework/Versions/A/ApplicationServices
0x00000000036d6000 	/usr/lib/libz.1.dylib
0x00000000036d6000 	/usr/lib/libSystem.B.dylib
0x00000000036d6000 	/usr/lib/libobjc.A.dylib
0x00000000036d6000 	/System/Library/Frameworks/CoreFoundation.framework/Versions/A/CoreFoundation
0x00000000036d6000 	/System/Library/Frameworks/Foundation.framework/Versions/C/Foundation
0x00000000036d6000 	/System/Library/Frameworks/AppKit.framework/Versions/C/AppKit
0x00000000036d6000 	/System/Library/Frameworks/CoreData.framework/Versions/A/CoreData
0x00000000036d6000 	/System/Library/PrivateFrameworks/RemoteViewServices.framework/Versions/A/RemoteViewServices
0x00000000036d6000 	/System/Library/Frameworks/AudioToolbox.framework/Versions/A/AudioToolbox
0x00000000036d6000 	/System/Library/Frameworks/AudioUnit.framework/Versions/A/AudioUnit
0x00000000036d6000 	/System/Library/PrivateFrameworks/DataDetectorsCore.framework/Versions/A/DataDetectorsCore
0x00000000036d6000 	/System/Library/PrivateFrameworks/DesktopServicesPriv.framework/Versions/A/DesktopServicesPriv
0x00000000036d6000 	/System/Library/Frameworks/Carbon.framework/Versions/A/Frameworks/HIToolbox.framework/Versions/A/HIToolbox
0x00000000036d6000 	/System/Library/Frameworks/QuartzCore.framework/Versions/A/QuartzCore
0x00000000036d6000 	/System/Library/Frameworks/Carbon.framework/Versions/A/Frameworks/SpeechRecognition.framework/Versions/A/SpeechRecognition
0x00000000036d6000 	/usr/lib/libauto.dylib
0x00000000036d6000 	/usr/lib/libicucore.A.dylib
0x00000000036d6000 	/usr/lib/libxml2.2.dylib
0x00000000036d6000 	/System/Library/PrivateFrameworks/CoreUI.framework/Versions/A/CoreUI
0x00000000036d6000 	/System/Library/Frameworks/CoreAudio.framework/Versions/A/CoreAudio
0x00000000036d6000 	/System/Library/Frameworks/DiskArbitration.framework/Versions/A/DiskArbitration
0x00000000036d6000 	/usr/lib/liblangid.dylib
0x00000000036d6000 	/System/Library/PrivateFrameworks/MultitouchSupport.framework/Versions/A/MultitouchSupport
0x00000000036d6000 	/System/Library/Frameworks/IOKit.framework/Versions/A/IOKit
0x00000000036d6000 	/usr/lib/libDiagnosticMessagesClient.dylib
0x00000000036d6000 	/System/Library/Frameworks/CoreServices.framework/Versions/A/CoreServices
0x00000000036d6000 	/System/Library/PrivateFrameworks/PerformanceAnalysis.framework/Versions/A/PerformanceAnalysis
0x00000000036d6000 	/System/Library/PrivateFrameworks/GenerationalStorage.framework/Versions/A/GenerationalStorage
0x00000000036d6000 	/System/Library/Frameworks/OpenGL.framework/Versions/A/OpenGL
0x00000000036d6000 	/System/Library/PrivateFrameworks/Sharing.framework/Versions/A/Sharing
0x00000000036d6000 	/System/Library/Frameworks/ImageIO.framework/Versions/A/ImageIO
0x00000000036d6000 	/System/Library/Frameworks/CoreText.framework/Versions/A/CoreText
0x00000000036d6000 	/System/Library/Frameworks/CoreGraphics.framework/Versions/A/CoreGraphics
0x00000000036d6000 	/System/Library/PrivateFrameworks/Backup.framework/Versions/A/Backup
0x00000000036d6000 	/System/Library/Frameworks/CFNetwork.framework/Versions/A/CFNetwork
0x00000000036d6000 	/System/Library/Frameworks/SystemConfiguration.framework/Versions/A/SystemConfiguration
0x00000000036d6000 	/usr/lib/libCRFSuite.dylib
0x00000000036d6000 	/usr/lib/libc++.1.dylib
0x00000000036d6000 	/usr/lib/libc++abi.dylib
0x00000000036d6000 	/usr/lib/system/libcache.dylib
0x00000000036d6000 	/usr/lib/system/libcommonCrypto.dylib
0x00000000036d6000 	/usr/lib/system/libcompiler_rt.dylib
0x00000000036d6000 	/usr/lib/system/libcopyfile.dylib
0x00000000036d6000 	/usr/lib/system/libcorecrypto.dylib
0x00000000036d6000 	/usr/lib/system/libdispatch.dylib
0x00000000036d6000 	/usr/lib/system/libdyld.dylib
0x00000000036d6000 	/usr/lib/system/libkeymgr.dylib
0x00000000036d6000 	/usr/lib/system/liblaunch.dylib
0x00000000036d6000 	/usr/lib/system/libmacho.dylib
0x00000000036d6000 	/usr/lib/system/libquarantine.dylib
0x00000000036d6000 	/usr/lib/system/libremovefile.dylib
0x00000000036d6000 	/usr/lib/system/libsystem_asl.dylib
0x00000000036d6000 	/usr/lib/system/libsystem_blocks.dylib
0x00000000036d6000 	/usr/lib/system/libsystem_c.dylib
0x00000000036d6000 	/usr/lib/system/libsystem_configuration.dylib
0x00000000036d6000 	/usr/lib/system/libsystem_dnssd.dylib
0x00000000036d6000 	/usr/lib/system/libsystem_info.dylib
0x00000000036d6000 	/usr/lib/system/libsystem_kernel.dylib
0x00000000036d6000 	/usr/lib/system/libsystem_m.dylib
0x00000000036d6000 	/usr/lib/system/libsystem_malloc.dylib
0x00000000036d6000 	/usr/lib/system/libsystem_network.dylib
0x00000000036d6000 	/usr/lib/system/libsystem_notify.dylib
0x00000000036d6000 	/usr/lib/system/libsystem_platform.dylib
0x00000000036d6000 	/usr/lib/system/libsystem_pthread.dylib
0x00000000036d6000 	/usr/lib/system/libsystem_sandbox.dylib
0x00000000036d6000 	/usr/lib/system/libsystem_stats.dylib
0x00000000036d6000 	/usr/lib/system/libunc.dylib
0x00000000036d6000 	/usr/lib/system/libunwind.dylib
0x00000000036d6000 	/usr/lib/system/libxpc.dylib
0x00000000036d6000 	/usr/lib/libbsm.0.dylib
0x00000000036d6000 	/usr/lib/libsqlite3.dylib
0x00000000036d6000 	/usr/lib/libxar.1.dylib
0x00000000036d6000 	/usr/lib/libpam.2.dylib
0x00000000036d6000 	/usr/lib/libOpenScriptingUtil.dylib
0x00000000036d6000 	/usr/lib/libbz2.1.0.dylib
0x00000000036d6000 	/System/Library/Frameworks/CoreServices.framework/Versions/A/Frameworks/CarbonCore.framework/Versions/A/CarbonCore
0x00000000036d6000 	/System/Library/Frameworks/CoreServices.framework/Versions/A/Frameworks/Metadata.framework/Versions/A/Metadata
0x00000000036d6000 	/System/Library/Frameworks/CoreServices.framework/Versions/A/Frameworks/OSServices.framework/Versions/A/OSServices
0x00000000036d6000 	/System/Library/Frameworks/CoreServices.framework/Versions/A/Frameworks/SearchKit.framework/Versions/A/SearchKit
0x00000000036d6000 	/System/Library/Frameworks/CoreServices.framework/Versions/A/Frameworks/AE.framework/Versions/A/AE
0x00000000036d6000 	/System/Library/Frameworks/CoreServices.framework/Versions/A/Frameworks/LaunchServices.framework/Versions/A/LaunchServices
0x00000000036d6000 	/System/Library/Frameworks/CoreServices.framework/Versions/A/Frameworks/DictionaryServices.framework/Versions/A/DictionaryServices
0x00000000036d6000 	/System/Library/Frameworks/NetFS.framework/Versions/A/NetFS
0x00000000036d6000 	/usr/lib/system/libkxld.dylib
0x00000000036d6000 	/System/Library/PrivateFrameworks/NetAuth.framework/Versions/A/NetAuth
0x00000000036d6000 	/System/Library/PrivateFrameworks/TCC.framework/Versions/A/TCC
0x00000000036d6000 	/System/Library/Frameworks/OpenDirectory.framework/Versions/A/Frameworks/CFOpenDirectory.framework/Versions/A/CFOpenDirectory
0x00000000036d6000 	/System/Library/Frameworks/ServiceManagement.framework/Versions/A/ServiceManagement
0x00000000036d6000 	/usr/lib/libxslt.1.dylib
0x00000000036d6000 	/System/Library/Frameworks/Carbon.framework/Versions/A/Frameworks/Ink.framework/Versions/A/Ink
0x00000000036d6000 	/System/Library/Frameworks/ApplicationServices.framework/Versions/A/Frameworks/ATS.framework/Versions/A/ATS
0x00000000036d6000 	/System/Library/Frameworks/ApplicationServices.framework/Versions/A/Frameworks/ColorSync.framework/Versions/A/ColorSync
0x00000000036d6000 	/System/Library/Frameworks/ApplicationServices.framework/Versions/A/Frameworks/HIServices.framework/Versions/A/HIServices
0x00000000036d6000 	/System/Library/Frameworks/ApplicationServices.framework/Versions/A/Frameworks/LangAnalysis.framework/Versions/A/LangAnalysis
0x00000000036d6000 	/System/Library/Frameworks/ApplicationServices.framework/Versions/A/Frameworks/PrintCore.framework/Versions/A/PrintCore
0x00000000036d6000 	/System/Library/Frameworks/ApplicationServices.framework/Versions/A/Frameworks/QD.framework/Versions/A/QD
0x00000000036d6000 	/System/Library/Frameworks/ApplicationServices.framework/Versions/A/Frameworks/SpeechSynthesis.framework/Versions/A/SpeechSynthesis
0x00000000036d6000 	/System/Library/Frameworks/IOSurface.framework/Versions/A/IOSurface
0x00000000036d6000 	/System/Library/Frameworks/Accelerate.framework/Versions/A/Accelerate
0x00000000036d6000 	/System/Library/Frameworks/Accelerate.framework/Versions/A/Frameworks/vImage.framework/Versions/A/vImage
0x00000000036d6000 	/System/Library/Frameworks/Accelerate.framework/Versions/A/Frameworks/vecLib.framework/Versions/A/vecLib
0x00000000036d6000 	/System/Library/Frameworks/Accelerate.framework/Versions/A/Frameworks/vecLib.framework/Versions/A/libvDSP.dylib
0x00000000036d6000 	/System/Library/Frameworks/Accelerate.framework/Versions/A/Frameworks/vecLib.framework/Versions/A/libvMisc.dylib
0x00000000036d6000 	/System/Library/Frameworks/Accelerate.framework/Versions/A/Frameworks/vecLib.framework/Versions/A/libLAPACK.dylib
0x00000000036d6000 	/System/Library/Frameworks/Accelerate.framework/Versions/A/Frameworks/vecLib.framework/Versions/A/libBLAS.dylib
0x00000000036d6000 	/System/Library/Frameworks/ApplicationServices.framework/Versions/A/Frameworks/ATS.framework/Versions/A/Resources/libFontParser.dylib
0x00000000036d6000 	/System/Library/Frameworks/ApplicationServices.framework/Versions/A/Frameworks/ATS.framework/Versions/A/Resources/libFontRegistry.dylib
0x00000000036d6000 	/System/Library/Frameworks/ImageIO.framework/Versions/A/Resources/libJPEG.dylib
0x00000000036d6000 	/System/Library/Frameworks/ImageIO.framework/Versions/A/Resources/libTIFF.dylib
0x00000000036d6000 	/System/Library/Frameworks/ImageIO.framework/Versions/A/Resources/libPng.dylib
0x00000000036d6000 	/System/Library/Frameworks/ImageIO.framework/Versions/A/Resources/libGIF.dylib
0x00000000036d6000 	/System/Library/Frameworks/ImageIO.framework/Versions/A/Resources/libJP2.dylib
0x00000000036d6000 	/System/Library/Frameworks/ImageIO.framework/Versions/A/Resources/libRadiance.dylib
0x00000000036d6000 	/usr/lib/libcups.2.dylib
0x00000000036d6000 	/System/Library/Frameworks/Kerberos.framework/Versions/A/Kerberos
0x00000000036d6000 	/System/Library/Frameworks/GSS.framework/Versions/A/GSS
0x00000000036d6000 	/usr/lib/libresolv.9.dylib
0x00000000036d6000 	/usr/lib/libiconv.2.dylib
0x00000000036d6000 	/System/Library/PrivateFrameworks/Heimdal.framework/Versions/A/Heimdal
0x00000000036d6000 	/System/Library/PrivateFrameworks/TrustEvaluationAgent.framework/Versions/A/TrustEvaluationAgent
0x00000000036d6000 	/usr/lib/libheimdal-asn1.dylib
0x00000000036d6000 	/System/Library/Frameworks/OpenDirectory.framework/Versions/A/OpenDirectory
0x00000000036d6000 	/System/Library/PrivateFrameworks/CommonAuth.framework/Versions/A/CommonAuth
0x00000000036d6000 	/System/Library/Frameworks/SecurityFoundation.framework/Versions/A/SecurityFoundation
0x00000000036d6000 	/System/Library/PrivateFrameworks/Bom.framework/Versions/A/Bom
0x00000000036d6000 	/System/Library/Frameworks/CoreVideo.framework/Versions/A/CoreVideo
0x00000000036d6000 	/System/Library/Frameworks/QuartzCore.framework/Versions/A/Frameworks/CoreImage.framework/Versions/A/CoreImage
0x00000000036d6000 	/System/Library/Frameworks/QuartzCore.framework/Versions/A/Frameworks/ScalableUserInterface.framework/Versions/A/ScalableUserInterface
0x00000000036d6000 	/System/Library/Frameworks/OpenGL.framework/Versions/A/Libraries/libGLU.dylib
0x00000000036d6000 	/System/Library/Frameworks/OpenGL.framework/Versions/A/Libraries/libGFXShared.dylib
0x00000000036d6000 	/System/Library/Frameworks/OpenGL.framework/Versions/A/Libraries/libGL.dylib
0x00000000036d6000 	/System/Library/Frameworks/OpenGL.framework/Versions/A/Libraries/libGLImage.dylib
0x00000000036d6000 	/System/Library/Frameworks/OpenGL.framework/Versions/A/Libraries/libCVMSPluginSupport.dylib
0x00000000036d6000 	/System/Library/Frameworks/OpenGL.framework/Versions/A/Libraries/libCoreVMClient.dylib
0x00000000036d6000 	/System/Library/PrivateFrameworks/FaceCore.framework/Versions/A/FaceCore
0x00000000036d6000 	/System/Library/PrivateFrameworks/CrashReporterSupport.framework/Versions/A/CrashReporterSupport
0x00000000036d6000 	/System/Library/Frameworks/OpenCL.framework/Versions/A/OpenCL
0x00000000036d6000 	/System/Library/PrivateFrameworks/AppleFSCompression.framework/Versions/A/AppleFSCompression
0x00000000036d6000 	/System/Library/PrivateFrameworks/Ubiquity.framework/Versions/A/Ubiquity
0x00000000036d6000 	/System/Library/PrivateFrameworks/IconServices.framework/Versions/A/IconServices
0x00000000036d6000 	/System/Library/PrivateFrameworks/ChunkingLibrary.framework/Versions/A/ChunkingLibrary
0x00000000036d6000 	/System/Library/PrivateFrameworks/CoreSymbolication.framework/Versions/A/CoreSymbolication
0x00000000036d6000 	/System/Library/PrivateFrameworks/Symbolication.framework/Versions/A/Symbolication
0x00000000036d6000 	/System/Library/PrivateFrameworks/DebugSymbols.framework/Versions/A/DebugSymbols
0x0000000109ae1000 	/Library/Java/JavaVirtualMachines/jdk1.7.0_40.jdk/Contents/Home/jre/lib/server/libjvm.dylib
0x00000000036d6000 	/usr/lib/libstdc++.6.dylib
0x000000010a636000 	/Library/Java/JavaVirtualMachines/jdk1.7.0_40.jdk/Contents/Home/jre/lib/libverify.dylib
0x000000010a643000 	/Library/Java/JavaVirtualMachines/jdk1.7.0_40.jdk/Contents/Home/jre/lib/libjava.dylib
0x000000010a693000 	/Library/Java/JavaVirtualMachines/jdk1.7.0_40.jdk/Contents/Home/jre/lib/libzip.dylib
0x0000000113acb000 	/System/Library/Frameworks/JavaVM.framework/Frameworks/JavaRuntimeSupport.framework/JavaRuntimeSupport
0x0000000113ae3000 	/System/Library/Frameworks/JavaVM.framework/Versions/A/Frameworks/JavaNativeFoundation.framework/Versions/A/JavaNativeFoundation
0x0000000113af8000 	/System/Library/Frameworks/JavaVM.framework/Versions/A/JavaVM
0x00000000036d6000 	/System/Library/Frameworks/Carbon.framework/Versions/A/Carbon
0x0000000113b05000 	/System/Library/PrivateFrameworks/JavaLaunching.framework/Versions/A/JavaLaunching
0x00000000036d6000 	/System/Library/Frameworks/Carbon.framework/Versions/A/Frameworks/CommonPanels.framework/Versions/A/CommonPanels
0x00000000036d6000 	/System/Library/Frameworks/Carbon.framework/Versions/A/Frameworks/Help.framework/Versions/A/Help
0x00000000036d6000 	/System/Library/Frameworks/Carbon.framework/Versions/A/Frameworks/ImageCapture.framework/Versions/A/ImageCapture
0x00000000036d6000 	/System/Library/Frameworks/Carbon.framework/Versions/A/Frameworks/OpenScripting.framework/Versions/A/OpenScripting
0x00000000036d6000 	/System/Library/Frameworks/Carbon.framework/Versions/A/Frameworks/Print.framework/Versions/A/Print
0x00000000036d6000 	/System/Library/Frameworks/Carbon.framework/Versions/A/Frameworks/SecurityHI.framework/Versions/A/SecurityHI
0x0000000114196000 	/Library/Java/JavaVirtualMachines/jdk1.7.0_40.jdk/Contents/Home/jre/lib/libnet.dylib
0x000000011435f000 	/Library/Java/JavaVirtualMachines/jdk1.7.0_40.jdk/Contents/Home/jre/lib/libnio.dylib

VM Arguments:
jvm_args: -Dfile.encoding=US-ASCII 
java_command: org.eclipse.jdt.internal.junit.runner.RemoteTestRunner -version 3 -port 60101 -testLoaderClass org.eclipse.jdt.internal.junit4.runner.JUnit4TestLoader -loaderpluginname org.eclipse.jdt.junit4.runtime -classNames edu.harvard.cscie124.strassen.StrassenMultiplicationTestCase
Launcher Type: SUN_STANDARD

Environment Variables:
PATH=/usr/bin:/bin:/usr/sbin:/sbin
SHELL=/bin/bash

Signal Handlers:
SIGSEGV: [libjvm.dylib+0x524b25], sa_mask[0]=0xfffefeff, sa_flags=0x00000043
SIGBUS: [libjvm.dylib+0x524b25], sa_mask[0]=0xfffefeff, sa_flags=0x00000042
SIGFPE: [libjvm.dylib+0x4180e6], sa_mask[0]=0xfffefeff, sa_flags=0x00000042
SIGPIPE: [libjvm.dylib+0x4180e6], sa_mask[0]=0xfffefeff, sa_flags=0x00000042
SIGXFSZ: [libjvm.dylib+0x4180e6], sa_mask[0]=0xfffefeff, sa_flags=0x00000042
SIGILL: [libjvm.dylib+0x4180e6], sa_mask[0]=0xfffefeff, sa_flags=0x00000042
SIGUSR1: SIG_DFL, sa_mask[0]=0x00000000, sa_flags=0x00000002
SIGUSR2: [libjvm.dylib+0x417bd8], sa_mask[0]=0x00000004, sa_flags=0x00000042
SIGHUP: [libjvm.dylib+0x415e67], sa_mask[0]=0xfffefeff, sa_flags=0x00000042
SIGINT: [libjvm.dylib+0x415e67], sa_mask[0]=0xfffefeff, sa_flags=0x00000042
SIGTERM: [libjvm.dylib+0x415e67], sa_mask[0]=0xfffefeff, sa_flags=0x00000042
SIGQUIT: [libjvm.dylib+0x415e67], sa_mask[0]=0xfffefeff, sa_flags=0x00000042


---------------  S Y S T E M  ---------------

OS:Bsduname:Darwin 13.1.0 Darwin Kernel Version 13.1.0: Thu Jan 16 19:40:37 PST 2014; root:xnu-2422.90.20~2/RELEASE_X86_64 x86_64
rlimit: STACK 8192k, CORE 0k, NPROC 709, NOFILE 10240, AS infinity
load average:3.00 3.07 3.08

CPU:total 2 (2 cores per cpu, 1 threads per core) family 6 model 23 stepping 6, cmov, cx8, fxsr, mmx, sse, sse2, sse3, ssse3, sse4.1, tsc

Memory: 4k page, physical 8388608k(2097152k free)

/proc/meminfo:


vm_info: Java HotSpot(TM) 64-Bit Server VM (24.0-b56) for bsd-amd64 JRE (1.7.0_40-b43), built on Aug 26 2013 21:29:19 by "java_re" with gcc 4.2.1 (Based on Apple Inc. build 5658) (LLVM build 2336.11.00)

time: Sat Apr  5 10:20:32 2014
elapsed time: 19754 seconds

