#
# A fatal error has been detected by the Java Runtime Environment:
#
#  Internal Error (safepoint.cpp:318), pid=15134, tid=11011
#  guarantee(PageArmed == 0) failed: invariant
#
# JRE version: Java(TM) SE Runtime Environment (7.0_40-b43) (build 1.7.0_40-b43)
# Java VM: Java HotSpot(TM) 64-Bit Server VM (24.0-b56 mixed mode bsd-amd64 compressed oops)
# Failed to write core dump. Core dumps have been disabled. To enable core dumping, try "ulimit -c unlimited" before starting Java again
#
# If you would like to submit a bug report, please visit:
#   http://bugreport.sun.com/bugreport/crash.jsp
#

---------------  T H R E A D  ---------------

Current thread (0x00007fdda1041800):  VMThread [stack: 0x0000000113af5000,0x0000000113bf5000] [id=11011]

Stack: [0x0000000113af5000,0x0000000113bf5000],  sp=0x0000000113bf49a0,  free space=1022k
Native frames: (J=compiled Java code, j=interpreted, Vv=VM code, C=native code)
V  [libjvm.dylib+0x5245f9]  VMError::report_and_die()+0x5d5
V  [libjvm.dylib+0x1ebd3d]  report_vm_error(char const*, int, char const*, char const*)+0x54
V  [libjvm.dylib+0x46d762]  SafepointSynchronize::begin()+0x2b2
V  [libjvm.dylib+0x52a11d]  VMThread::loop()+0x319
V  [libjvm.dylib+0x529a6b]  VMThread::run()+0x79
V  [libjvm.dylib+0x41a8e1]  java_start(Thread*)+0xd5
C  [libsystem_pthread.dylib+0x1899]  _pthread_body+0x8a
C  [libsystem_pthread.dylib+0x172a]  _pthread_struct_init+0x0
C  [libsystem_pthread.dylib+0x5fc9]  thread_start+0xd

VM_Operation (0x0000000113f43728): Exit, mode: safepoint, requested by thread 0x00007fdda18ee800


---------------  P R O C E S S  ---------------

Java Threads: ( => current thread )
  0x00007fdda18ee800 JavaThread "SIGTERM handler" daemon [_thread_blocked, id=12555, stack(0x0000000113e44000,0x0000000113f44000)]
  0x00007fdda1917800 JavaThread "ReaderThread" [_thread_blocked, id=19715, stack(0x00000001145aa000,0x00000001146aa000)]
  0x00007fdda1838000 JavaThread "Service Thread" daemon [_thread_blocked, id=18691, stack(0x00000001142d6000,0x00000001143d6000)]
  0x00007fdda105d000 JavaThread "C2 CompilerThread1" daemon [_thread_blocked, id=18179, stack(0x00000001141d3000,0x00000001142d3000)]
  0x00007fdda1801800 JavaThread "C2 CompilerThread0" daemon [_thread_blocked, id=17667, stack(0x00000001140d0000,0x00000001141d0000)]
  0x00007fdda1045000 JavaThread "Finalizer" daemon [_thread_blocked, id=12035, stack(0x0000000113cfb000,0x0000000113dfb000)]
  0x00007fdda1042000 JavaThread "Reference Handler" daemon [_thread_blocked, id=11523, stack(0x0000000113bf8000,0x0000000113cf8000)]
  0x00007fdda1009800 JavaThread "main" [_thread_in_Java, id=6915, stack(0x000000010a87d000,0x000000010a97d000)]

Other Threads:
=>0x00007fdda1041800 VMThread [stack: 0x0000000113af5000,0x0000000113bf5000] [id=11011]

VM state:synchronizing (normal execution)

VM Mutex/Monitor currently owned by a thread:  ([mutex/lock_event])
[0x00007fdda0c0cf30] Safepoint_lock - owner thread: 0x00007fdda1041800
[0x00007fdda0c0cfb0] Threads_lock - owner thread: 0x00007fdda1041800

Heap
 PSYoungGen      total 683008K, used 471505K [0x00000007d5500000, 0x0000000800000000, 0x0000000800000000)
  eden space 671744K, 68% used [0x00000007d5500000,0x00000007f16839d8,0x00000007fe500000)
  from space 11264K, 99% used [0x00000007ff480000,0x00000007fff70b00,0x00000007fff80000)
  to   space 13824K, 0% used [0x00000007fe500000,0x00000007fe500000,0x00000007ff280000)
 ParOldGen       total 1397760K, used 1130560K [0x0000000780000000, 0x00000007d5500000, 0x00000007d5500000)
  object space 1397760K, 80% used [0x0000000780000000,0x00000007c5010198,0x00000007d5500000)
 PSPermGen       total 21504K, used 5190K [0x000000077ae00000, 0x000000077c300000, 0x0000000780000000)
  object space 21504K, 24% used [0x000000077ae00000,0x000000077b311820,0x000000077c300000)

Card table byte_map: [0x000000010dec0000,0x000000010e2ea000] byte_map_base: 0x000000010a2e9000

Polling page: 0x000000010a9bc000

Code Cache  [0x000000010ae00000, 0x000000010b070000, 0x000000010de00000)
 total_blobs=288 nmethods=50 adapters=193 free_code_cache=48621Kb largest_free_block=49766144

Compilation events (10 events):
Event: 2.692 Thread 0x00007fdda105d000   46             org.slf4j.impl.Log4jLoggerAdapter::debug (16 bytes)
Event: 2.694 Thread 0x00007fdda105d000 nmethod 46 0x000000010ae78850 code [0x000000010ae789c0, 0x000000010ae78b28]
Event: 2.708 Thread 0x00007fdda105d000   47             edu.harvard.cscie124.strassen.Matrix::get (158 bytes)
Event: 2.749 Thread 0x00007fdda105d000 nmethod 47 0x000000010ae7d390 code [0x000000010ae7d5e0, 0x000000010ae7e5f0]
Event: 2.750 Thread 0x00007fdda105d000   48             edu.harvard.cscie124.strassen.MatrixGenerator::generateMatrixWith0And1 (55 bytes)
Event: 2.756 Thread 0x00007fdda105d000 nmethod 48 0x000000010ae78150 code [0x000000010ae782a0, 0x000000010ae78518]
Event: 4.022 Thread 0x00007fdda1801800   49 %           edu.harvard.cscie124.strassen.Matrix::equals @ 24 (116 bytes)
Event: 4.045 Thread 0x00007fdda1801800 nmethod 49% 0x000000010ae7a390 code [0x000000010ae7a560, 0x000000010ae7ad68]
Event: 12.955 Thread 0x00007fdda105d000   50             edu.harvard.cscie124.strassen.Matrix::equals (116 bytes)
Event: 12.975 Thread 0x00007fdda105d000 nmethod 50 0x000000010ae89290 code [0x000000010ae89440, 0x000000010ae89ba8]

GC Heap History (10 events):
Event: 29701.485 GC heap before
{Heap before GC invocations=10241 (full 36):
 PSYoungGen      total 685568K, used 674336K [0x00000007d5500000, 0x00000007ffe80000, 0x0000000800000000)
  eden space 674304K, 100% used [0x00000007d5500000,0x00000007fe780000,0x00000007fe780000)
  from space 11264K, 0% used [0x00000007ff380000,0x00000007ff388000,0x00000007ffe80000)
  to   space 11776K, 0% used [0x00000007fe780000,0x00000007fe780000,0x00000007ff300000)
 ParOldGen       total 1397760K, used 1242152K [0x0000000780000000, 0x00000007d5500000, 0x00000007d5500000)
  object space 1397760K, 88% used [0x0000000780000000,0x00000007cbd0a2c8,0x00000007d5500000)
 PSPermGen       total 21504K, used 5181K [0x000000077ae00000, 0x000000077c300000, 0x0000000780000000)
  object space 21504K, 24% used [0x000000077ae00000,0x000000077b30f5e8,0x000000077c300000)
Event: 29701.495 GC heap after
Heap after GC invocations=10241 (full 36):
 PSYoungGen      total 686080K, used 0K [0x00000007d5500000, 0x00000007fff80000, 0x0000000800000000)
  eden space 674304K, 0% used [0x00000007d5500000,0x00000007d5500000,0x00000007fe780000)
  from space 11776K, 0% used [0x00000007fe780000,0x00000007fe780000,0x00000007ff300000)
  to   space 11264K, 0% used [0x00000007ff480000,0x00000007ff480000,0x00000007fff80000)
 ParOldGen       total 1397760K, used 1242152K [0x0000000780000000, 0x00000007d5500000, 0x00000007d5500000)
  object space 1397760K, 88% used [0x0000000780000000,0x00000007cbd0a2c8,0x00000007d5500000)
 PSPermGen       total 21504K, used 5181K [0x000000077ae00000, 0x000000077c300000, 0x0000000780000000)
  object space 21504K, 24% used [0x000000077ae00000,0x000000077b30f5e8,0x000000077c300000)
}
Event: 29702.181 GC heap before
{Heap before GC invocations=10242 (full 36):
 PSYoungGen      total 686080K, used 674304K [0x00000007d5500000, 0x00000007fff80000, 0x0000000800000000)
  eden space 674304K, 100% used [0x00000007d5500000,0x00000007fe780000,0x00000007fe780000)
  from space 11776K, 0% used [0x00000007fe780000,0x00000007fe780000,0x00000007ff300000)
  to   space 11264K, 0% used [0x00000007ff480000,0x00000007ff480000,0x00000007fff80000)
 ParOldGen       total 1397760K, used 1242152K [0x0000000780000000, 0x00000007d5500000, 0x00000007d5500000)
  object space 1397760K, 88% used [0x0000000780000000,0x00000007cbd0a2c8,0x00000007d5500000)
 PSPermGen       total 21504K, used 5181K [0x000000077ae00000, 0x000000077c300000, 0x0000000780000000)
  object space 21504K, 24% used [0x000000077ae00000,0x000000077b30f5e8,0x000000077c300000)
Event: 29702.466 GC heap after
Heap after GC invocations=10242 (full 36):
 PSYoungGen      total 686080K, used 674304K [0x00000007d5500000, 0x00000007fff80000, 0x0000000800000000)
  eden space 674304K, 100% used [0x00000007d5500000,0x00000007fe780000,0x00000007fe780000)
  from space 11776K, 0% used [0x00000007fe780000,0x00000007fe780000,0x00000007ff300000)
  to   space 11264K, 99% used [0x00000007ff480000,0x00000007fff78b00,0x00000007fff80000)
 ParOldGen       total 1397760K, used 1397710K [0x0000000780000000, 0x00000007d5500000, 0x00000007d5500000)
  object space 1397760K, 99% used [0x0000000780000000,0x00000007d54f3aa8,0x00000007d5500000)
 PSPermGen       total 21504K, used 5181K [0x000000077ae00000, 0x000000077c300000, 0x0000000780000000)
  object space 21504K, 24% used [0x000000077ae00000,0x000000077b30f5e8,0x000000077c300000)
}
Event: 29702.466 GC heap before
{Heap before GC invocations=10243 (full 37):
 PSYoungGen      total 686080K, used 674304K [0x00000007d5500000, 0x00000007fff80000, 0x0000000800000000)
  eden space 674304K, 100% used [0x00000007d5500000,0x00000007fe780000,0x00000007fe780000)
  from space 11776K, 0% used [0x00000007fe780000,0x00000007fe780000,0x00000007ff300000)
  to   space 11264K, 99% used [0x00000007ff480000,0x00000007fff78b00,0x00000007fff80000)
 ParOldGen       total 1397760K, used 1397710K [0x0000000780000000, 0x00000007d5500000, 0x00000007d5500000)
  object space 1397760K, 99% used [0x0000000780000000,0x00000007d54f3aa8,0x00000007d5500000)
 PSPermGen       total 21504K, used 5181K [0x000000077ae00000, 0x000000077c300000, 0x0000000780000000)
  object space 21504K, 24% used [0x000000077ae00000,0x000000077b30f5e8,0x000000077c300000)
Event: 29702.940 GC heap after
Heap after GC invocations=10243 (full 37):
 PSYoungGen      total 686080K, used 0K [0x00000007d5500000, 0x00000007fff80000, 0x0000000800000000)
  eden space 674304K, 0% used [0x00000007d5500000,0x00000007d5500000,0x00000007fe780000)
  from space 11776K, 0% used [0x00000007fe780000,0x00000007fe780000,0x00000007ff300000)
  to   space 11264K, 0% used [0x00000007ff480000,0x00000007ff480000,0x00000007fff80000)
 ParOldGen       total 1072640K, used 468702K [0x0000000780000000, 0x00000007c1780000, 0x00000007d5500000)
  object space 1072640K, 43% used [0x0000000780000000,0x000000079c9b7b68,0x00000007c1780000)
 PSPermGen       total 21504K, used 5181K [0x000000077ae00000, 0x000000077c300000, 0x0000000780000000)
  object space 21504K, 24% used [0x000000077ae00000,0x000000077b30f5e8,0x000000077c300000)
}
Event: 29708.021 GC heap before
{Heap before GC invocations=10244 (full 37):
 PSYoungGen      total 686080K, used 674304K [0x00000007d5500000, 0x00000007fff80000, 0x0000000800000000)
  eden space 674304K, 100% used [0x00000007d5500000,0x00000007fe780000,0x00000007fe780000)
  from space 11776K, 0% used [0x00000007fe780000,0x00000007fe780000,0x00000007ff300000)
  to   space 11264K, 0% used [0x00000007ff480000,0x00000007ff480000,0x00000007fff80000)
 ParOldGen       total 1072640K, used 468702K [0x0000000780000000, 0x00000007c1780000, 0x00000007d5500000)
  object space 1072640K, 43% used [0x0000000780000000,0x000000079c9b7b68,0x00000007c1780000)
 PSPermGen       total 21504K, used 5181K [0x000000077ae00000, 0x000000077c300000, 0x0000000780000000)
  object space 21504K, 24% used [0x000000077ae00000,0x000000077b30f5e8,0x000000077c300000)
Event: 29708.505 GC heap after
Heap after GC invocations=10244 (full 37):
 PSYoungGen      total 683008K, used 11202K [0x00000007d5500000, 0x0000000800000000, 0x0000000800000000)
  eden space 671744K, 0% used [0x00000007d5500000,0x00000007d5500000,0x00000007fe500000)
  from space 11264K, 99% used [0x00000007ff480000,0x00000007fff70b00,0x00000007fff80000)
  to   space 13824K, 0% used [0x00000007fe500000,0x00000007fe500000,0x00000007ff280000)
 ParOldGen       total 1131008K, used 1130560K [0x0000000780000000, 0x00000007c5080000, 0x00000007d5500000)
  object space 1131008K, 99% used [0x0000000780000000,0x00000007c5010198,0x00000007c5080000)
 PSPermGen       total 21504K, used 5181K [0x000000077ae00000, 0x000000077c300000, 0x0000000780000000)
  object space 21504K, 24% used [0x000000077ae00000,0x000000077b30f5e8,0x000000077c300000)
}
Event: 29708.505 GC heap before
{Heap before GC invocations=10245 (full 38):
 PSYoungGen      total 683008K, used 11202K [0x00000007d5500000, 0x0000000800000000, 0x0000000800000000)
  eden space 671744K, 0% used [0x00000007d5500000,0x00000007d5500000,0x00000007fe500000)
  from space 11264K, 99% used [0x00000007ff480000,0x00000007fff70b00,0x00000007fff80000)
  to   space 13824K, 0% used [0x00000007fe500000,0x00000007fe500000,0x00000007ff280000)
 ParOldGen       total 1131008K, used 1130560K [0x0000000780000000, 0x00000007c5080000, 0x00000007d5500000)
  object space 1131008K, 99% used [0x0000000780000000,0x00000007c5010198,0x00000007c5080000)
 PSPermGen       total 21504K, used 5181K [0x000000077ae00000, 0x000000077c300000, 0x0000000780000000)
  object space 21504K, 24% used [0x000000077ae00000,0x000000077b30f5e8,0x000000077c300000)
Event: 29708.559 GC heap after
Heap after GC invocations=10245 (full 38):
 PSYoungGen      total 683008K, used 11202K [0x00000007d5500000, 0x0000000800000000, 0x0000000800000000)
  eden space 671744K, 0% used [0x00000007d5500000,0x00000007d5500000,0x00000007fe500000)
  from space 11264K, 99% used [0x00000007ff480000,0x00000007fff70b00,0x00000007fff80000)
  to   space 13824K, 0% used [0x00000007fe500000,0x00000007fe500000,0x00000007ff280000)
 ParOldGen       total 1397760K, used 1130560K [0x0000000780000000, 0x00000007d5500000, 0x00000007d5500000)
  object space 1397760K, 80% used [0x0000000780000000,0x00000007c5010198,0x00000007d5500000)
 PSPermGen       total 21504K, used 5181K [0x000000077ae00000, 0x000000077c300000, 0x0000000780000000)
  object space 21504K, 24% used [0x000000077ae00000,0x000000077b30f5e8,0x000000077c300000)
}

Deoptimization events (0 events):
No events

Internal exceptions (10 events):
Event: 1.866 Thread 0x00007fdda1009800 Threw 0x00000007d5cb9e00 at /HUDSON/workspace/jdk7u40-2-build-macosx-amd64-product/jdk7u40/hotspot/src/share/vm/prims/jvm.cpp:1244
Event: 1.867 Thread 0x00007fdda1009800 Threw 0x00000007d5cbee50 at /HUDSON/workspace/jdk7u40-2-build-macosx-amd64-product/jdk7u40/hotspot/src/share/vm/prims/jvm.cpp:1244
Event: 1.868 Thread 0x00007fdda1009800 Threw 0x00000007d5cc2720 at /HUDSON/workspace/jdk7u40-2-build-macosx-amd64-product/jdk7u40/hotspot/src/share/vm/prims/jvm.cpp:1244
Event: 1.868 Thread 0x00007fdda1009800 Threw 0x00000007d5cc72c8 at /HUDSON/workspace/jdk7u40-2-build-macosx-amd64-product/jdk7u40/hotspot/src/share/vm/prims/jvm.cpp:1244
Event: 1.870 Thread 0x00007fdda1009800 Threw 0x00000007d5ccd040 at /HUDSON/workspace/jdk7u40-2-build-macosx-amd64-product/jdk7u40/hotspot/src/share/vm/prims/jvm.cpp:1244
Event: 1.871 Thread 0x00007fdda1009800 Threw 0x00000007d5cd2cb8 at /HUDSON/workspace/jdk7u40-2-build-macosx-amd64-product/jdk7u40/hotspot/src/share/vm/prims/jvm.cpp:1244
Event: 1.884 Thread 0x00007fdda1009800 Threw 0x00000007d5cd9518 at /HUDSON/workspace/jdk7u40-2-build-macosx-amd64-product/jdk7u40/hotspot/src/share/vm/prims/jvm.cpp:1244
Event: 1.886 Thread 0x00007fdda1009800 Threw 0x00000007d5ce2808 at /HUDSON/workspace/jdk7u40-2-build-macosx-amd64-product/jdk7u40/hotspot/src/share/vm/prims/jvm.cpp:1244
Event: 1.886 Thread 0x00007fdda1009800 Threw 0x00000007d5ce6db8 at /HUDSON/workspace/jdk7u40-2-build-macosx-amd64-product/jdk7u40/hotspot/src/share/vm/prims/jvm.cpp:1244
Event: 2.018 Thread 0x00007fdda1009800 Threw 0x00000007d5cf14b8 at /HUDSON/workspace/jdk7u40-2-build-macosx-amd64-product/jdk7u40/hotspot/src/share/vm/prims/jvm.cpp:1244

Events (10 events):
Event: 29708.559 Executing VM operation: ParallelGCFailedAllocation done
Event: 40450.070 loading class 0x0000000112ee6fe0
Event: 40450.070 loading class 0x0000000112ee6fe0 done
Event: 40450.070 Thread 0x00007fdda18ee800 Thread added: 0x00007fdda18ee800
Event: 40450.071 loading class 0x0000000112ea6450
Event: 40450.071 loading class 0x0000000112ea6450 done
Event: 40450.071 loading class 0x00007fdda1949930
Event: 40450.071 loading class 0x00007fdda1949930 done
Event: 40450.072 Thread 0x00007fdda1055000 Thread exited: 0x00007fdda1055000
Event: 40450.072 Executing VM operation: Exit


Dynamic libraries:
0x00000000036d6000 	/System/Library/Frameworks/Cocoa.framework/Versions/A/Cocoa
0x00000000036d6000 	/System/Library/Frameworks/Security.framework/Versions/A/Security
0x00000000036d6000 	/System/Library/Frameworks/ApplicationServices.framework/Versions/A/ApplicationServices
0x00000000036d6000 	/usr/lib/libz.1.dylib
0x00000000036d6000 	/usr/lib/libSystem.B.dylib
0x00000000036d6000 	/usr/lib/libobjc.A.dylib
0x00000000036d6000 	/System/Library/Frameworks/CoreFoundation.framework/Versions/A/CoreFoundation
0x00000000036d6000 	/System/Library/Frameworks/Foundation.framework/Versions/C/Foundation
0x00000000036d6000 	/System/Library/Frameworks/AppKit.framework/Versions/C/AppKit
0x00000000036d6000 	/System/Library/Frameworks/CoreData.framework/Versions/A/CoreData
0x00000000036d6000 	/System/Library/PrivateFrameworks/RemoteViewServices.framework/Versions/A/RemoteViewServices
0x00000000036d6000 	/System/Library/Frameworks/AudioToolbox.framework/Versions/A/AudioToolbox
0x00000000036d6000 	/System/Library/Frameworks/AudioUnit.framework/Versions/A/AudioUnit
0x00000000036d6000 	/System/Library/PrivateFrameworks/DataDetectorsCore.framework/Versions/A/DataDetectorsCore
0x00000000036d6000 	/System/Library/PrivateFrameworks/DesktopServicesPriv.framework/Versions/A/DesktopServicesPriv
0x00000000036d6000 	/System/Library/Frameworks/Carbon.framework/Versions/A/Frameworks/HIToolbox.framework/Versions/A/HIToolbox
0x00000000036d6000 	/System/Library/Frameworks/QuartzCore.framework/Versions/A/QuartzCore
0x00000000036d6000 	/System/Library/Frameworks/Carbon.framework/Versions/A/Frameworks/SpeechRecognition.framework/Versions/A/SpeechRecognition
0x00000000036d6000 	/usr/lib/libauto.dylib
0x00000000036d6000 	/usr/lib/libicucore.A.dylib
0x00000000036d6000 	/usr/lib/libxml2.2.dylib
0x00000000036d6000 	/System/Library/PrivateFrameworks/CoreUI.framework/Versions/A/CoreUI
0x00000000036d6000 	/System/Library/Frameworks/CoreAudio.framework/Versions/A/CoreAudio
0x00000000036d6000 	/System/Library/Frameworks/DiskArbitration.framework/Versions/A/DiskArbitration
0x00000000036d6000 	/usr/lib/liblangid.dylib
0x00000000036d6000 	/System/Library/PrivateFrameworks/MultitouchSupport.framework/Versions/A/MultitouchSupport
0x00000000036d6000 	/System/Library/Frameworks/IOKit.framework/Versions/A/IOKit
0x00000000036d6000 	/usr/lib/libDiagnosticMessagesClient.dylib
0x00000000036d6000 	/System/Library/Frameworks/CoreServices.framework/Versions/A/CoreServices
0x00000000036d6000 	/System/Library/PrivateFrameworks/PerformanceAnalysis.framework/Versions/A/PerformanceAnalysis
0x00000000036d6000 	/System/Library/PrivateFrameworks/GenerationalStorage.framework/Versions/A/GenerationalStorage
0x00000000036d6000 	/System/Library/Frameworks/OpenGL.framework/Versions/A/OpenGL
0x00000000036d6000 	/System/Library/PrivateFrameworks/Sharing.framework/Versions/A/Sharing
0x00000000036d6000 	/System/Library/Frameworks/ImageIO.framework/Versions/A/ImageIO
0x00000000036d6000 	/System/Library/Frameworks/CoreText.framework/Versions/A/CoreText
0x00000000036d6000 	/System/Library/Frameworks/CoreGraphics.framework/Versions/A/CoreGraphics
0x00000000036d6000 	/System/Library/PrivateFrameworks/Backup.framework/Versions/A/Backup
0x00000000036d6000 	/System/Library/Frameworks/CFNetwork.framework/Versions/A/CFNetwork
0x00000000036d6000 	/System/Library/Frameworks/SystemConfiguration.framework/Versions/A/SystemConfiguration
0x00000000036d6000 	/usr/lib/libCRFSuite.dylib
0x00000000036d6000 	/usr/lib/libc++.1.dylib
0x00000000036d6000 	/usr/lib/libc++abi.dylib
0x00000000036d6000 	/usr/lib/system/libcache.dylib
0x00000000036d6000 	/usr/lib/system/libcommonCrypto.dylib
0x00000000036d6000 	/usr/lib/system/libcompiler_rt.dylib
0x00000000036d6000 	/usr/lib/system/libcopyfile.dylib
0x00000000036d6000 	/usr/lib/system/libcorecrypto.dylib
0x00000000036d6000 	/usr/lib/system/libdispatch.dylib
0x00000000036d6000 	/usr/lib/system/libdyld.dylib
0x00000000036d6000 	/usr/lib/system/libkeymgr.dylib
0x00000000036d6000 	/usr/lib/system/liblaunch.dylib
0x00000000036d6000 	/usr/lib/system/libmacho.dylib
0x00000000036d6000 	/usr/lib/system/libquarantine.dylib
0x00000000036d6000 	/usr/lib/system/libremovefile.dylib
0x00000000036d6000 	/usr/lib/system/libsystem_asl.dylib
0x00000000036d6000 	/usr/lib/system/libsystem_blocks.dylib
0x00000000036d6000 	/usr/lib/system/libsystem_c.dylib
0x00000000036d6000 	/usr/lib/system/libsystem_configuration.dylib
0x00000000036d6000 	/usr/lib/system/libsystem_dnssd.dylib
0x00000000036d6000 	/usr/lib/system/libsystem_info.dylib
0x00000000036d6000 	/usr/lib/system/libsystem_kernel.dylib
0x00000000036d6000 	/usr/lib/system/libsystem_m.dylib
0x00000000036d6000 	/usr/lib/system/libsystem_malloc.dylib
0x00000000036d6000 	/usr/lib/system/libsystem_network.dylib
0x00000000036d6000 	/usr/lib/system/libsystem_notify.dylib
0x00000000036d6000 	/usr/lib/system/libsystem_platform.dylib
0x00000000036d6000 	/usr/lib/system/libsystem_pthread.dylib
0x00000000036d6000 	/usr/lib/system/libsystem_sandbox.dylib
0x00000000036d6000 	/usr/lib/system/libsystem_stats.dylib
0x00000000036d6000 	/usr/lib/system/libunc.dylib
0x00000000036d6000 	/usr/lib/system/libunwind.dylib
0x00000000036d6000 	/usr/lib/system/libxpc.dylib
0x00000000036d6000 	/usr/lib/libbsm.0.dylib
0x00000000036d6000 	/usr/lib/libsqlite3.dylib
0x00000000036d6000 	/usr/lib/libxar.1.dylib
0x00000000036d6000 	/usr/lib/libpam.2.dylib
0x00000000036d6000 	/usr/lib/libOpenScriptingUtil.dylib
0x00000000036d6000 	/usr/lib/libbz2.1.0.dylib
0x00000000036d6000 	/System/Library/Frameworks/CoreServices.framework/Versions/A/Frameworks/CarbonCore.framework/Versions/A/CarbonCore
0x00000000036d6000 	/System/Library/Frameworks/CoreServices.framework/Versions/A/Frameworks/Metadata.framework/Versions/A/Metadata
0x00000000036d6000 	/System/Library/Frameworks/CoreServices.framework/Versions/A/Frameworks/OSServices.framework/Versions/A/OSServices
0x00000000036d6000 	/System/Library/Frameworks/CoreServices.framework/Versions/A/Frameworks/SearchKit.framework/Versions/A/SearchKit
0x00000000036d6000 	/System/Library/Frameworks/CoreServices.framework/Versions/A/Frameworks/AE.framework/Versions/A/AE
0x00000000036d6000 	/System/Library/Frameworks/CoreServices.framework/Versions/A/Frameworks/LaunchServices.framework/Versions/A/LaunchServices
0x00000000036d6000 	/System/Library/Frameworks/CoreServices.framework/Versions/A/Frameworks/DictionaryServices.framework/Versions/A/DictionaryServices
0x00000000036d6000 	/System/Library/Frameworks/NetFS.framework/Versions/A/NetFS
0x00000000036d6000 	/usr/lib/system/libkxld.dylib
0x00000000036d6000 	/System/Library/PrivateFrameworks/NetAuth.framework/Versions/A/NetAuth
0x00000000036d6000 	/System/Library/PrivateFrameworks/TCC.framework/Versions/A/TCC
0x00000000036d6000 	/System/Library/Frameworks/OpenDirectory.framework/Versions/A/Frameworks/CFOpenDirectory.framework/Versions/A/CFOpenDirectory
0x00000000036d6000 	/System/Library/Frameworks/ServiceManagement.framework/Versions/A/ServiceManagement
0x00000000036d6000 	/usr/lib/libxslt.1.dylib
0x00000000036d6000 	/System/Library/Frameworks/Carbon.framework/Versions/A/Frameworks/Ink.framework/Versions/A/Ink
0x00000000036d6000 	/System/Library/Frameworks/ApplicationServices.framework/Versions/A/Frameworks/ATS.framework/Versions/A/ATS
0x00000000036d6000 	/System/Library/Frameworks/ApplicationServices.framework/Versions/A/Frameworks/ColorSync.framework/Versions/A/ColorSync
0x00000000036d6000 	/System/Library/Frameworks/ApplicationServices.framework/Versions/A/Frameworks/HIServices.framework/Versions/A/HIServices
0x00000000036d6000 	/System/Library/Frameworks/ApplicationServices.framework/Versions/A/Frameworks/LangAnalysis.framework/Versions/A/LangAnalysis
0x00000000036d6000 	/System/Library/Frameworks/ApplicationServices.framework/Versions/A/Frameworks/PrintCore.framework/Versions/A/PrintCore
0x00000000036d6000 	/System/Library/Frameworks/ApplicationServices.framework/Versions/A/Frameworks/QD.framework/Versions/A/QD
0x00000000036d6000 	/System/Library/Frameworks/ApplicationServices.framework/Versions/A/Frameworks/SpeechSynthesis.framework/Versions/A/SpeechSynthesis
0x00000000036d6000 	/System/Library/Frameworks/IOSurface.framework/Versions/A/IOSurface
0x00000000036d6000 	/System/Library/Frameworks/Accelerate.framework/Versions/A/Accelerate
0x00000000036d6000 	/System/Library/Frameworks/Accelerate.framework/Versions/A/Frameworks/vImage.framework/Versions/A/vImage
0x00000000036d6000 	/System/Library/Frameworks/Accelerate.framework/Versions/A/Frameworks/vecLib.framework/Versions/A/vecLib
0x00000000036d6000 	/System/Library/Frameworks/Accelerate.framework/Versions/A/Frameworks/vecLib.framework/Versions/A/libvDSP.dylib
0x00000000036d6000 	/System/Library/Frameworks/Accelerate.framework/Versions/A/Frameworks/vecLib.framework/Versions/A/libvMisc.dylib
0x00000000036d6000 	/System/Library/Frameworks/Accelerate.framework/Versions/A/Frameworks/vecLib.framework/Versions/A/libLAPACK.dylib
0x00000000036d6000 	/System/Library/Frameworks/Accelerate.framework/Versions/A/Frameworks/vecLib.framework/Versions/A/libBLAS.dylib
0x00000000036d6000 	/System/Library/Frameworks/ApplicationServices.framework/Versions/A/Frameworks/ATS.framework/Versions/A/Resources/libFontParser.dylib
0x00000000036d6000 	/System/Library/Frameworks/ApplicationServices.framework/Versions/A/Frameworks/ATS.framework/Versions/A/Resources/libFontRegistry.dylib
0x00000000036d6000 	/System/Library/Frameworks/ImageIO.framework/Versions/A/Resources/libJPEG.dylib
0x00000000036d6000 	/System/Library/Frameworks/ImageIO.framework/Versions/A/Resources/libTIFF.dylib
0x00000000036d6000 	/System/Library/Frameworks/ImageIO.framework/Versions/A/Resources/libPng.dylib
0x00000000036d6000 	/System/Library/Frameworks/ImageIO.framework/Versions/A/Resources/libGIF.dylib
0x00000000036d6000 	/System/Library/Frameworks/ImageIO.framework/Versions/A/Resources/libJP2.dylib
0x00000000036d6000 	/System/Library/Frameworks/ImageIO.framework/Versions/A/Resources/libRadiance.dylib
0x00000000036d6000 	/usr/lib/libcups.2.dylib
0x00000000036d6000 	/System/Library/Frameworks/Kerberos.framework/Versions/A/Kerberos
0x00000000036d6000 	/System/Library/Frameworks/GSS.framework/Versions/A/GSS
0x00000000036d6000 	/usr/lib/libresolv.9.dylib
0x00000000036d6000 	/usr/lib/libiconv.2.dylib
0x00000000036d6000 	/System/Library/PrivateFrameworks/Heimdal.framework/Versions/A/Heimdal
0x00000000036d6000 	/System/Library/PrivateFrameworks/TrustEvaluationAgent.framework/Versions/A/TrustEvaluationAgent
0x00000000036d6000 	/usr/lib/libheimdal-asn1.dylib
0x00000000036d6000 	/System/Library/Frameworks/OpenDirectory.framework/Versions/A/OpenDirectory
0x00000000036d6000 	/System/Library/PrivateFrameworks/CommonAuth.framework/Versions/A/CommonAuth
0x00000000036d6000 	/System/Library/Frameworks/SecurityFoundation.framework/Versions/A/SecurityFoundation
0x00000000036d6000 	/System/Library/PrivateFrameworks/Bom.framework/Versions/A/Bom
0x00000000036d6000 	/System/Library/Frameworks/CoreVideo.framework/Versions/A/CoreVideo
0x00000000036d6000 	/System/Library/Frameworks/QuartzCore.framework/Versions/A/Frameworks/CoreImage.framework/Versions/A/CoreImage
0x00000000036d6000 	/System/Library/Frameworks/QuartzCore.framework/Versions/A/Frameworks/ScalableUserInterface.framework/Versions/A/ScalableUserInterface
0x00000000036d6000 	/System/Library/Frameworks/OpenGL.framework/Versions/A/Libraries/libGLU.dylib
0x00000000036d6000 	/System/Library/Frameworks/OpenGL.framework/Versions/A/Libraries/libGFXShared.dylib
0x00000000036d6000 	/System/Library/Frameworks/OpenGL.framework/Versions/A/Libraries/libGL.dylib
0x00000000036d6000 	/System/Library/Frameworks/OpenGL.framework/Versions/A/Libraries/libGLImage.dylib
0x00000000036d6000 	/System/Library/Frameworks/OpenGL.framework/Versions/A/Libraries/libCVMSPluginSupport.dylib
0x00000000036d6000 	/System/Library/Frameworks/OpenGL.framework/Versions/A/Libraries/libCoreVMClient.dylib
0x00000000036d6000 	/System/Library/PrivateFrameworks/FaceCore.framework/Versions/A/FaceCore
0x00000000036d6000 	/System/Library/PrivateFrameworks/CrashReporterSupport.framework/Versions/A/CrashReporterSupport
0x00000000036d6000 	/System/Library/Frameworks/OpenCL.framework/Versions/A/OpenCL
0x00000000036d6000 	/System/Library/PrivateFrameworks/AppleFSCompression.framework/Versions/A/AppleFSCompression
0x00000000036d6000 	/System/Library/PrivateFrameworks/Ubiquity.framework/Versions/A/Ubiquity
0x00000000036d6000 	/System/Library/PrivateFrameworks/IconServices.framework/Versions/A/IconServices
0x00000000036d6000 	/System/Library/PrivateFrameworks/ChunkingLibrary.framework/Versions/A/ChunkingLibrary
0x00000000036d6000 	/System/Library/PrivateFrameworks/CoreSymbolication.framework/Versions/A/CoreSymbolication
0x00000000036d6000 	/System/Library/PrivateFrameworks/Symbolication.framework/Versions/A/Symbolication
0x00000000036d6000 	/System/Library/PrivateFrameworks/DebugSymbols.framework/Versions/A/DebugSymbols
0x0000000109e14000 	/Library/Java/JavaVirtualMachines/jdk1.7.0_40.jdk/Contents/Home/jre/lib/server/libjvm.dylib
0x00000000036d6000 	/usr/lib/libstdc++.6.dylib
0x000000010a97f000 	/Library/Java/JavaVirtualMachines/jdk1.7.0_40.jdk/Contents/Home/jre/lib/libverify.dylib
0x000000010a98c000 	/Library/Java/JavaVirtualMachines/jdk1.7.0_40.jdk/Contents/Home/jre/lib/libjava.dylib
0x000000010a9c6000 	/Library/Java/JavaVirtualMachines/jdk1.7.0_40.jdk/Contents/Home/jre/lib/libzip.dylib
0x0000000113dfd000 	/System/Library/Frameworks/JavaVM.framework/Frameworks/JavaRuntimeSupport.framework/JavaRuntimeSupport
0x0000000113e15000 	/System/Library/Frameworks/JavaVM.framework/Versions/A/Frameworks/JavaNativeFoundation.framework/Versions/A/JavaNativeFoundation
0x0000000113e2a000 	/System/Library/Frameworks/JavaVM.framework/Versions/A/JavaVM
0x00000000036d6000 	/System/Library/Frameworks/Carbon.framework/Versions/A/Carbon
0x0000000113e37000 	/System/Library/PrivateFrameworks/JavaLaunching.framework/Versions/A/JavaLaunching
0x00000000036d6000 	/System/Library/Frameworks/Carbon.framework/Versions/A/Frameworks/CommonPanels.framework/Versions/A/CommonPanels
0x00000000036d6000 	/System/Library/Frameworks/Carbon.framework/Versions/A/Frameworks/Help.framework/Versions/A/Help
0x00000000036d6000 	/System/Library/Frameworks/Carbon.framework/Versions/A/Frameworks/ImageCapture.framework/Versions/A/ImageCapture
0x00000000036d6000 	/System/Library/Frameworks/Carbon.framework/Versions/A/Frameworks/OpenScripting.framework/Versions/A/OpenScripting
0x00000000036d6000 	/System/Library/Frameworks/Carbon.framework/Versions/A/Frameworks/Print.framework/Versions/A/Print
0x00000000036d6000 	/System/Library/Frameworks/Carbon.framework/Versions/A/Frameworks/SecurityHI.framework/Versions/A/SecurityHI
0x000000011454c000 	/Library/Java/JavaVirtualMachines/jdk1.7.0_40.jdk/Contents/Home/jre/lib/libnet.dylib
0x0000000114715000 	/Library/Java/JavaVirtualMachines/jdk1.7.0_40.jdk/Contents/Home/jre/lib/libnio.dylib

VM Arguments:
jvm_args: -Dfile.encoding=US-ASCII 
java_command: org.eclipse.jdt.internal.junit.runner.RemoteTestRunner -version 3 -port 53017 -testLoaderClass org.eclipse.jdt.internal.junit4.runner.JUnit4TestLoader -loaderpluginname org.eclipse.jdt.junit4.runtime -classNames edu.harvard.cscie124.strassen.StrassenMultiplicationTestCase
Launcher Type: SUN_STANDARD

Environment Variables:
PATH=/usr/bin:/bin:/usr/sbin:/sbin
SHELL=/bin/bash

Signal Handlers:
SIGSEGV: [libjvm.dylib+0x524b25], sa_mask[0]=0xfffefeff, sa_flags=0x00000043
SIGBUS: [libjvm.dylib+0x524b25], sa_mask[0]=0xfffefeff, sa_flags=0x00000042
SIGFPE: [libjvm.dylib+0x4180e6], sa_mask[0]=0xfffefeff, sa_flags=0x00000042
SIGPIPE: [libjvm.dylib+0x4180e6], sa_mask[0]=0xfffefeff, sa_flags=0x00000042
SIGXFSZ: [libjvm.dylib+0x4180e6], sa_mask[0]=0xfffefeff, sa_flags=0x00000042
SIGILL: [libjvm.dylib+0x4180e6], sa_mask[0]=0xfffefeff, sa_flags=0x00000042
SIGUSR1: SIG_DFL, sa_mask[0]=0x00000000, sa_flags=0x00000002
SIGUSR2: [libjvm.dylib+0x417bd8], sa_mask[0]=0x00000004, sa_flags=0x00000042
SIGHUP: [libjvm.dylib+0x415e67], sa_mask[0]=0xfffefeff, sa_flags=0x00000042
SIGINT: [libjvm.dylib+0x415e67], sa_mask[0]=0xfffefeff, sa_flags=0x00000042
SIGTERM: [libjvm.dylib+0x415e67], sa_mask[0]=0xfffefeff, sa_flags=0x00000042
SIGQUIT: [libjvm.dylib+0x415e67], sa_mask[0]=0xfffefeff, sa_flags=0x00000042


---------------  S Y S T E M  ---------------

OS:Bsduname:Darwin 13.1.0 Darwin Kernel Version 13.1.0: Thu Jan 16 19:40:37 PST 2014; root:xnu-2422.90.20~2/RELEASE_X86_64 x86_64
rlimit: STACK 8192k, CORE 0k, NPROC 709, NOFILE 10240, AS infinity
load average:2.65 4.16 7.72

CPU:total 2 (2 cores per cpu, 1 threads per core) family 6 model 23 stepping 6, cmov, cx8, fxsr, mmx, sse, sse2, sse3, ssse3, sse4.1, tsc

Memory: 4k page, physical 8388608k(2097152k free)

/proc/meminfo:


vm_info: Java HotSpot(TM) 64-Bit Server VM (24.0-b56) for bsd-amd64 JRE (1.7.0_40-b43), built on Aug 26 2013 21:29:19 by "java_re" with gcc 4.2.1 (Based on Apple Inc. build 5658) (LLVM build 2336.11.00)

time: Thu Apr  3 17:59:49 2014
elapsed time: 76724 seconds

